<?xml version="1.0" encoding="utf-8"?>
<CoverageSession xmlns:xsd="http://www.w3.org/2001/XMLSchema" xmlns:xsi="http://www.w3.org/2001/XMLSchema-instance" Version="0.0.0.0">
  <Summary numSequencePoints="1225" visitedSequencePoints="1057" numBranchPoints="0" visitedBranchPoints="0" sequenceCoverage="86.29" branchCoverage="0.0" maxCyclomaticComplexity="0" minCyclomaticComplexity="0" maxCrapScore="0" minCrapScore="0" visitedClasses="72" numClasses="77" visitedMethods="153" numMethods="175" />
  <Modules>
    <Module>
      <Summary numSequencePoints="4" visitedSequencePoints="0" numBranchPoints="0" visitedBranchPoints="0" sequenceCoverage="0.0" branchCoverage="0.0" maxCyclomaticComplexity="0" minCyclomaticComplexity="0" maxCrapScore="0" minCrapScore="0" visitedClasses="0" numClasses="1" visitedMethods="0" numMethods="1" />
      <ModuleTime>0001-01-01T00:00:00</ModuleTime>
      <ModuleName>Assembly-CSharp-Editor</ModuleName>
      <Files>
        <File uid="1" fullPath="/Users/jessicasu/Desktop/app_parlayisland_game/Parlay/Assets/Editor/WebGLBuilder.cs" />
      </Files>
      <Classes>
        <Class>
          <Summary numSequencePoints="4" visitedSequencePoints="0" numBranchPoints="0" visitedBranchPoints="0" sequenceCoverage="0.0" branchCoverage="0.0" maxCyclomaticComplexity="0" minCyclomaticComplexity="0" maxCrapScore="0" minCrapScore="0" visitedClasses="0" numClasses="1" visitedMethods="0" numMethods="1" />
          <FullName>WebGLBuilder</FullName>
          <Methods>
            <Method visited="false" cyclomaticComplexity="0" nPathComplexity="0" sequenceCoverage="0.0" branchCoverage="0" crapScore="0" isConstructor="false" isStatic="true" isGetter="false" isSetter="false">
              <Summary numSequencePoints="4" visitedSequencePoints="0" numBranchPoints="0" visitedBranchPoints="0" sequenceCoverage="0.0" branchCoverage="0" maxCyclomaticComplexity="0" minCyclomaticComplexity="0" maxCrapScore="0" minCrapScore="0" visitedClasses="0" numClasses="0" visitedMethods="0" numMethods="1" />
              <MetadataToken>100663297</MetadataToken>
              <Name>static System.Void WebGLBuilder::build()</Name>
              <FileRef uid="1" />
              <SequencePoints>
                <SequencePoint vc="0" uspid="1" ordinal="0" offset="0" sl="9" sc="0" el="9" ec="0" bec="0" bev="0" fileid="1" />
                <SequencePoint vc="0" uspid="2" ordinal="0" offset="1" sl="10" sc="0" el="10" ec="0" bec="0" bev="0" fileid="1" />
                <SequencePoint vc="0" uspid="3" ordinal="0" offset="16" sl="11" sc="0" el="11" ec="0" bec="0" bev="0" fileid="1" />
                <SequencePoint vc="0" uspid="4" ordinal="0" offset="31" sl="12" sc="0" el="12" ec="0" bec="0" bev="0" fileid="1" />
              </SequencePoints>
              <BranchPoints />
            </Method>
          </Methods>
        </Class>
      </Classes>
    </Module>
    <Module>
      <Summary numSequencePoints="657" visitedSequencePoints="628" numBranchPoints="0" visitedBranchPoints="0" sequenceCoverage="95.59" branchCoverage="0.0" maxCyclomaticComplexity="0" minCyclomaticComplexity="0" maxCrapScore="0" minCrapScore="0" visitedClasses="56" numClasses="56" visitedMethods="80" numMethods="90" />
      <ModuleTime>0001-01-01T00:00:00</ModuleTime>
      <ModuleName>Tests</ModuleName>
      <Files>
        <File uid="2" fullPath="/Users/jessicasu/Desktop/app_parlayisland_game/Parlay/Assets/Tests/PlayTests/CameraTest.cs" />
        <File uid="3" fullPath="/Users/jessicasu/Desktop/app_parlayisland_game/Parlay/Assets/Tests/PlayTests/DistanceIntegrationTest.cs" />
        <File uid="4" fullPath="/Users/jessicasu/Desktop/app_parlayisland_game/Parlay/Assets/Tests/PlayTests/EnemySpawnerTest.cs" />
        <File uid="5" fullPath="/Users/jessicasu/Desktop/app_parlayisland_game/Parlay/Assets/Tests/PlayTests/EnemyTest.cs" />
        <File uid="6" fullPath="/Users/jessicasu/Desktop/app_parlayisland_game/Parlay/Assets/Tests/PlayTests/GameManagerTest.cs" />
        <File uid="7" fullPath="/Users/jessicasu/Desktop/app_parlayisland_game/Parlay/Assets/Tests/PlayTests/LevelGenerationTest.cs" />
        <File uid="8" fullPath="/Users/jessicasu/Desktop/app_parlayisland_game/Parlay/Assets/Tests/PlayTests/PlayerTest.cs" />
        <File uid="9" fullPath="/Users/jessicasu/Desktop/app_parlayisland_game/Parlay/Assets/Tests/PlayTests/QuestionFreezesGamePlayIntegrationTest.cs" />
        <File uid="10" fullPath="/Users/jessicasu/Desktop/app_parlayisland_game/Parlay/Assets/Tests/PlayTests/QuestionManagerTest.cs" />
        <File uid="11" fullPath="/Users/jessicasu/Desktop/app_parlayisland_game/Parlay/Assets/Tests/PlayTests/TimerManagerTest.cs" />
        <File uid="12" fullPath="/Users/jessicasu/Desktop/app_parlayisland_game/Parlay/Assets/Tests/PlayTests/QuestionTest.cs" />
      </Files>
      <Classes>
        <Class>
          <Summary numSequencePoints="11" visitedSequencePoints="11" numBranchPoints="0" visitedBranchPoints="0" sequenceCoverage="100.0" branchCoverage="0.0" maxCyclomaticComplexity="0" minCyclomaticComplexity="0" maxCrapScore="0" minCrapScore="0" visitedClasses="1" numClasses="1" visitedMethods="2" numMethods="2" />
          <FullName>Tests.CameraTest</FullName>
          <Methods>
            <Method visited="true" cyclomaticComplexity="0" nPathComplexity="0" sequenceCoverage="100.0" branchCoverage="0" crapScore="0" isConstructor="false" isStatic="false" isGetter="false" isSetter="false">
              <Summary numSequencePoints="7" visitedSequencePoints="7" numBranchPoints="0" visitedBranchPoints="0" sequenceCoverage="100.0" branchCoverage="0" maxCyclomaticComplexity="0" minCyclomaticComplexity="0" maxCrapScore="0" minCrapScore="0" visitedClasses="0" numClasses="0" visitedMethods="1" numMethods="1" />
              <MetadataToken>100663297</MetadataToken>
              <Name>System.Void Tests.CameraTest::Setup()</Name>
              <FileRef uid="2" />
              <SequencePoints>
                <SequencePoint vc="2" uspid="5" ordinal="0" offset="0" sl="22" sc="9" el="22" ec="9" bec="0" bev="0" fileid="2" />
                <SequencePoint vc="2" uspid="6" ordinal="0" offset="1" sl="23" sc="13" el="23" ec="13" bec="0" bev="0" fileid="2" />
                <SequencePoint vc="2" uspid="7" ordinal="0" offset="22" sl="24" sc="13" el="24" ec="13" bec="0" bev="0" fileid="2" />
                <SequencePoint vc="2" uspid="8" ordinal="0" offset="39" sl="25" sc="13" el="25" ec="13" bec="0" bev="0" fileid="2" />
                <SequencePoint vc="2" uspid="9" ordinal="0" offset="60" sl="26" sc="13" el="26" ec="13" bec="0" bev="0" fileid="2" />
                <SequencePoint vc="2" uspid="10" ordinal="0" offset="71" sl="27" sc="13" el="27" ec="13" bec="0" bev="0" fileid="2" />
                <SequencePoint vc="2" uspid="11" ordinal="0" offset="82" sl="28" sc="9" el="28" ec="9" bec="0" bev="0" fileid="2" />
              </SequencePoints>
              <BranchPoints />
            </Method>
            <Method visited="true" cyclomaticComplexity="0" nPathComplexity="0" sequenceCoverage="100.0" branchCoverage="0" crapScore="0" isConstructor="false" isStatic="false" isGetter="false" isSetter="false">
              <Summary numSequencePoints="4" visitedSequencePoints="4" numBranchPoints="0" visitedBranchPoints="0" sequenceCoverage="100.0" branchCoverage="0" maxCyclomaticComplexity="0" minCyclomaticComplexity="0" maxCrapScore="0" minCrapScore="0" visitedClasses="0" numClasses="0" visitedMethods="1" numMethods="1" />
              <MetadataToken>100663298</MetadataToken>
              <Name>System.Void Tests.CameraTest::Teardown()</Name>
              <FileRef uid="2" />
              <SequencePoints>
                <SequencePoint vc="2" uspid="12" ordinal="0" offset="0" sl="32" sc="9" el="32" ec="9" bec="0" bev="0" fileid="2" />
                <SequencePoint vc="2" uspid="13" ordinal="0" offset="1" sl="33" sc="13" el="33" ec="13" bec="0" bev="0" fileid="2" />
                <SequencePoint vc="2" uspid="14" ordinal="0" offset="13" sl="34" sc="13" el="34" ec="13" bec="0" bev="0" fileid="2" />
                <SequencePoint vc="2" uspid="15" ordinal="0" offset="25" sl="35" sc="9" el="35" ec="9" bec="0" bev="0" fileid="2" />
              </SequencePoints>
              <BranchPoints />
            </Method>
          </Methods>
        </Class>
        <Class>
          <Summary numSequencePoints="45" visitedSequencePoints="45" numBranchPoints="0" visitedBranchPoints="0" sequenceCoverage="100.0" branchCoverage="0.0" maxCyclomaticComplexity="0" minCyclomaticComplexity="0" maxCrapScore="0" minCrapScore="0" visitedClasses="1" numClasses="1" visitedMethods="6" numMethods="6" />
          <FullName>Tests.DistanceIntegrationTest</FullName>
          <Methods>
            <Method visited="true" cyclomaticComplexity="0" nPathComplexity="0" sequenceCoverage="100.0" branchCoverage="0" crapScore="0" isConstructor="false" isStatic="false" isGetter="false" isSetter="false">
              <Summary numSequencePoints="3" visitedSequencePoints="3" numBranchPoints="0" visitedBranchPoints="0" sequenceCoverage="100.0" branchCoverage="0" maxCyclomaticComplexity="0" minCyclomaticComplexity="0" maxCrapScore="0" minCrapScore="0" visitedClasses="0" numClasses="0" visitedMethods="1" numMethods="1" />
              <MetadataToken>100663302</MetadataToken>
              <Name>System.Void Tests.DistanceIntegrationTest::Setup()</Name>
              <FileRef uid="3" />
              <SequencePoints>
                <SequencePoint vc="1" uspid="16" ordinal="0" offset="0" sl="43" sc="9" el="43" ec="9" bec="0" bev="0" fileid="3" />
                <SequencePoint vc="1" uspid="17" ordinal="0" offset="1" sl="44" sc="13" el="44" ec="13" bec="0" bev="0" fileid="3" />
                <SequencePoint vc="1" uspid="18" ordinal="0" offset="8" sl="45" sc="9" el="45" ec="9" bec="0" bev="0" fileid="3" />
              </SequencePoints>
              <BranchPoints />
            </Method>
            <Method visited="true" cyclomaticComplexity="0" nPathComplexity="0" sequenceCoverage="100.0" branchCoverage="0" crapScore="0" isConstructor="false" isStatic="false" isGetter="false" isSetter="false">
              <Summary numSequencePoints="17" visitedSequencePoints="17" numBranchPoints="0" visitedBranchPoints="0" sequenceCoverage="100.0" branchCoverage="0" maxCyclomaticComplexity="0" minCyclomaticComplexity="0" maxCrapScore="0" minCrapScore="0" visitedClasses="0" numClasses="0" visitedMethods="1" numMethods="1" />
              <MetadataToken>100663303</MetadataToken>
              <Name>System.Void Tests.DistanceIntegrationTest::initializeGameManagerAndPlayer()</Name>
              <FileRef uid="3" />
              <SequencePoints>
                <SequencePoint vc="1" uspid="19" ordinal="0" offset="0" sl="47" sc="55" el="47" ec="55" bec="0" bev="0" fileid="3" />
                <SequencePoint vc="1" uspid="20" ordinal="0" offset="1" sl="48" sc="13" el="48" ec="13" bec="0" bev="0" fileid="3" />
                <SequencePoint vc="1" uspid="21" ordinal="0" offset="22" sl="49" sc="13" el="49" ec="13" bec="0" bev="0" fileid="3" />
                <SequencePoint vc="1" uspid="22" ordinal="0" offset="43" sl="51" sc="13" el="51" ec="13" bec="0" bev="0" fileid="3" />
                <SequencePoint vc="1" uspid="23" ordinal="0" offset="60" sl="52" sc="13" el="52" ec="13" bec="0" bev="0" fileid="3" />
                <SequencePoint vc="1" uspid="24" ordinal="0" offset="71" sl="53" sc="13" el="53" ec="13" bec="0" bev="0" fileid="3" />
                <SequencePoint vc="1" uspid="25" ordinal="0" offset="83" sl="54" sc="13" el="54" ec="13" bec="0" bev="0" fileid="3" />
                <SequencePoint vc="1" uspid="26" ordinal="0" offset="95" sl="55" sc="13" el="55" ec="13" bec="0" bev="0" fileid="3" />
                <SequencePoint vc="1" uspid="27" ordinal="0" offset="112" sl="56" sc="13" el="56" ec="13" bec="0" bev="0" fileid="3" />
                <SequencePoint vc="1" uspid="28" ordinal="0" offset="129" sl="58" sc="13" el="58" ec="13" bec="0" bev="0" fileid="3" />
                <SequencePoint vc="1" uspid="29" ordinal="0" offset="146" sl="59" sc="13" el="59" ec="13" bec="0" bev="0" fileid="3" />
                <SequencePoint vc="1" uspid="30" ordinal="0" offset="163" sl="60" sc="13" el="60" ec="13" bec="0" bev="0" fileid="3" />
                <SequencePoint vc="1" uspid="31" ordinal="0" offset="180" sl="61" sc="13" el="61" ec="13" bec="0" bev="0" fileid="3" />
                <SequencePoint vc="1" uspid="32" ordinal="0" offset="204" sl="62" sc="13" el="62" ec="13" bec="0" bev="0" fileid="3" />
                <SequencePoint vc="1" uspid="33" ordinal="0" offset="221" sl="63" sc="13" el="63" ec="13" bec="0" bev="0" fileid="3" />
                <SequencePoint vc="1" uspid="34" ordinal="0" offset="238" sl="64" sc="13" el="64" ec="13" bec="0" bev="0" fileid="3" />
                <SequencePoint vc="1" uspid="35" ordinal="0" offset="261" sl="65" sc="9" el="65" ec="9" bec="0" bev="0" fileid="3" />
              </SequencePoints>
              <BranchPoints />
            </Method>
            <Method visited="true" cyclomaticComplexity="0" nPathComplexity="0" sequenceCoverage="100.0" branchCoverage="0" crapScore="0" isConstructor="false" isStatic="false" isGetter="false" isSetter="false">
              <Summary numSequencePoints="6" visitedSequencePoints="6" numBranchPoints="0" visitedBranchPoints="0" sequenceCoverage="100.0" branchCoverage="0" maxCyclomaticComplexity="0" minCyclomaticComplexity="0" maxCrapScore="0" minCrapScore="0" visitedClasses="0" numClasses="0" visitedMethods="1" numMethods="1" />
              <MetadataToken>100663304</MetadataToken>
              <Name>System.Void Tests.DistanceIntegrationTest::Teardown()</Name>
              <FileRef uid="3" />
              <SequencePoints>
                <SequencePoint vc="1" uspid="36" ordinal="0" offset="0" sl="69" sc="9" el="69" ec="9" bec="0" bev="0" fileid="3" />
                <SequencePoint vc="1" uspid="37" ordinal="0" offset="1" sl="70" sc="13" el="70" ec="13" bec="0" bev="0" fileid="3" />
                <SequencePoint vc="1" uspid="38" ordinal="0" offset="24" sl="71" sc="13" el="71" ec="13" bec="0" bev="0" fileid="3" />
                <SequencePoint vc="1" uspid="39" ordinal="0" offset="36" sl="72" sc="13" el="72" ec="13" bec="0" bev="0" fileid="3" />
                <SequencePoint vc="1" uspid="40" ordinal="0" offset="48" sl="73" sc="13" el="73" ec="13" bec="0" bev="0" fileid="3" />
                <SequencePoint vc="1" uspid="41" ordinal="0" offset="60" sl="74" sc="9" el="74" ec="9" bec="0" bev="0" fileid="3" />
              </SequencePoints>
              <BranchPoints />
            </Method>
            <Method visited="true" cyclomaticComplexity="0" nPathComplexity="0" sequenceCoverage="100.0" branchCoverage="0" crapScore="0" isConstructor="false" isStatic="false" isGetter="false" isSetter="false">
              <Summary numSequencePoints="9" visitedSequencePoints="9" numBranchPoints="0" visitedBranchPoints="0" sequenceCoverage="100.0" branchCoverage="0" maxCyclomaticComplexity="0" minCyclomaticComplexity="0" maxCrapScore="0" minCrapScore="0" visitedClasses="0" numClasses="0" visitedMethods="1" numMethods="1" />
              <MetadataToken>100663306</MetadataToken>
              <Name>System.Single Tests.DistanceIntegrationTest::findDifferenceBetweenActualAndDisplayedDifference(System.Boolean)</Name>
              <FileRef uid="3" />
              <SequencePoints>
                <SequencePoint vc="4" uspid="42" ordinal="0" offset="0" sl="104" sc="95" el="104" ec="95" bec="0" bev="0" fileid="3" />
                <SequencePoint vc="4" uspid="43" ordinal="0" offset="1" sl="105" sc="13" el="105" ec="13" bec="0" bev="0" fileid="3" />
                <SequencePoint vc="4" uspid="44" ordinal="0" offset="13" sl="106" sc="13" el="106" ec="13" bec="0" bev="0" fileid="3" />
                <SequencePoint vc="4" uspid="45" ordinal="0" offset="36" sl="107" sc="13" el="107" ec="13" bec="0" bev="0" fileid="3" />
                <SequencePoint vc="1" uspid="46" ordinal="0" offset="41" sl="107" sc="34" el="107" ec="34" bec="0" bev="0" fileid="3" />
                <SequencePoint vc="1" uspid="47" ordinal="0" offset="42" sl="108" sc="17" el="108" ec="17" bec="0" bev="0" fileid="3" />
                <SequencePoint vc="1" uspid="48" ordinal="0" offset="65" sl="109" sc="13" el="109" ec="13" bec="0" bev="0" fileid="3" />
                <SequencePoint vc="4" uspid="49" ordinal="0" offset="66" sl="111" sc="13" el="111" ec="13" bec="0" bev="0" fileid="3" />
                <SequencePoint vc="4" uspid="50" ordinal="0" offset="77" sl="112" sc="9" el="112" ec="9" bec="0" bev="0" fileid="3" />
              </SequencePoints>
              <BranchPoints />
            </Method>
            <Method visited="true" cyclomaticComplexity="0" nPathComplexity="0" sequenceCoverage="100.0" branchCoverage="0" crapScore="0" isConstructor="false" isStatic="false" isGetter="false" isSetter="false">
              <Summary numSequencePoints="5" visitedSequencePoints="5" numBranchPoints="0" visitedBranchPoints="0" sequenceCoverage="100.0" branchCoverage="0" maxCyclomaticComplexity="0" minCyclomaticComplexity="0" maxCrapScore="0" minCrapScore="0" visitedClasses="0" numClasses="0" visitedMethods="1" numMethods="1" />
              <MetadataToken>100663307</MetadataToken>
              <Name>System.Single Tests.DistanceIntegrationTest::getFloatDistanceFromDistanceText(System.String)</Name>
              <FileRef uid="3" />
              <SequencePoints>
                <SequencePoint vc="4" uspid="51" ordinal="0" offset="0" sl="114" sc="69" el="114" ec="69" bec="0" bev="0" fileid="3" />
                <SequencePoint vc="4" uspid="52" ordinal="0" offset="1" sl="115" sc="13" el="115" ec="13" bec="0" bev="0" fileid="3" />
                <SequencePoint vc="4" uspid="53" ordinal="0" offset="19" sl="116" sc="13" el="116" ec="13" bec="0" bev="0" fileid="3" />
                <SequencePoint vc="4" uspid="54" ordinal="0" offset="33" sl="117" sc="13" el="117" ec="13" bec="0" bev="0" fileid="3" />
                <SequencePoint vc="4" uspid="55" ordinal="0" offset="37" sl="118" sc="9" el="118" ec="9" bec="0" bev="0" fileid="3" />
              </SequencePoints>
              <BranchPoints />
            </Method>
            <Method visited="true" cyclomaticComplexity="0" nPathComplexity="0" sequenceCoverage="100.0" branchCoverage="0" crapScore="0" isConstructor="false" isStatic="false" isGetter="false" isSetter="false">
              <Summary numSequencePoints="5" visitedSequencePoints="5" numBranchPoints="0" visitedBranchPoints="0" sequenceCoverage="100.0" branchCoverage="0" maxCyclomaticComplexity="0" minCyclomaticComplexity="0" maxCrapScore="0" minCrapScore="0" visitedClasses="0" numClasses="0" visitedMethods="1" numMethods="1" />
              <MetadataToken>100663308</MetadataToken>
              <Name>System.Single Tests.DistanceIntegrationTest::getFloatDistanceFromFinalDistanceText(System.String)</Name>
              <FileRef uid="3" />
              <SequencePoints>
                <SequencePoint vc="1" uspid="56" ordinal="0" offset="0" sl="120" sc="87" el="120" ec="87" bec="0" bev="0" fileid="3" />
                <SequencePoint vc="1" uspid="57" ordinal="0" offset="1" sl="121" sc="13" el="121" ec="13" bec="0" bev="0" fileid="3" />
                <SequencePoint vc="1" uspid="58" ordinal="0" offset="19" sl="122" sc="13" el="122" ec="13" bec="0" bev="0" fileid="3" />
                <SequencePoint vc="1" uspid="59" ordinal="0" offset="28" sl="123" sc="13" el="123" ec="13" bec="0" bev="0" fileid="3" />
                <SequencePoint vc="1" uspid="60" ordinal="0" offset="32" sl="124" sc="9" el="124" ec="9" bec="0" bev="0" fileid="3" />
              </SequencePoints>
              <BranchPoints />
            </Method>
          </Methods>
        </Class>
        <Class>
          <Summary numSequencePoints="19" visitedSequencePoints="19" numBranchPoints="0" visitedBranchPoints="0" sequenceCoverage="100.0" branchCoverage="0.0" maxCyclomaticComplexity="0" minCyclomaticComplexity="0" maxCrapScore="0" minCrapScore="0" visitedClasses="1" numClasses="1" visitedMethods="2" numMethods="2" />
          <FullName>Tests.EnemySpawnerTest</FullName>
          <Methods>
            <Method visited="true" cyclomaticComplexity="0" nPathComplexity="0" sequenceCoverage="100.0" branchCoverage="0" crapScore="0" isConstructor="false" isStatic="false" isGetter="false" isSetter="false">
              <Summary numSequencePoints="7" visitedSequencePoints="7" numBranchPoints="0" visitedBranchPoints="0" sequenceCoverage="100.0" branchCoverage="0" maxCyclomaticComplexity="0" minCyclomaticComplexity="0" maxCrapScore="0" minCrapScore="0" visitedClasses="0" numClasses="0" visitedMethods="1" numMethods="1" />
              <MetadataToken>100663310</MetadataToken>
              <Name>System.Void Tests.EnemySpawnerTest::Setup()</Name>
              <FileRef uid="4" />
              <SequencePoints>
                <SequencePoint vc="1" uspid="61" ordinal="0" offset="0" sl="17" sc="5" el="17" ec="5" bec="0" bev="0" fileid="4" />
                <SequencePoint vc="1" uspid="62" ordinal="0" offset="1" sl="18" sc="7" el="18" ec="7" bec="0" bev="0" fileid="4" />
                <SequencePoint vc="1" uspid="63" ordinal="0" offset="22" sl="19" sc="7" el="19" ec="7" bec="0" bev="0" fileid="4" />
                <SequencePoint vc="1" uspid="64" ordinal="0" offset="39" sl="20" sc="7" el="20" ec="7" bec="0" bev="0" fileid="4" />
                <SequencePoint vc="1" uspid="65" ordinal="0" offset="60" sl="21" sc="7" el="21" ec="7" bec="0" bev="0" fileid="4" />
                <SequencePoint vc="1" uspid="66" ordinal="0" offset="77" sl="22" sc="7" el="22" ec="7" bec="0" bev="0" fileid="4" />
                <SequencePoint vc="1" uspid="67" ordinal="0" offset="95" sl="23" sc="5" el="23" ec="5" bec="0" bev="0" fileid="4" />
              </SequencePoints>
              <BranchPoints />
            </Method>
            <Method visited="true" cyclomaticComplexity="0" nPathComplexity="0" sequenceCoverage="100.0" branchCoverage="0" crapScore="0" isConstructor="false" isStatic="false" isGetter="false" isSetter="false">
              <Summary numSequencePoints="12" visitedSequencePoints="12" numBranchPoints="0" visitedBranchPoints="0" sequenceCoverage="100.0" branchCoverage="0" maxCyclomaticComplexity="0" minCyclomaticComplexity="0" maxCrapScore="0" minCrapScore="0" visitedClasses="0" numClasses="0" visitedMethods="1" numMethods="1" />
              <MetadataToken>100663311</MetadataToken>
              <Name>System.Void Tests.EnemySpawnerTest::Teardown()</Name>
              <FileRef uid="4" />
              <SequencePoints>
                <SequencePoint vc="1" uspid="68" ordinal="0" offset="0" sl="27" sc="5" el="27" ec="5" bec="0" bev="0" fileid="4" />
                <SequencePoint vc="1" uspid="69" ordinal="0" offset="1" sl="28" sc="7" el="28" ec="7" bec="0" bev="0" fileid="4" />
                <SequencePoint vc="1" uspid="70" ordinal="0" offset="19" sl="29" sc="7" el="29" ec="7" bec="0" bev="0" fileid="4" />
                <SequencePoint vc="1" uspid="71" ordinal="0" offset="20" sl="29" sc="35" el="29" ec="35" bec="0" bev="0" fileid="4" />
                <SequencePoint vc="3" uspid="72" ordinal="0" offset="35" sl="29" sc="15" el="29" ec="15" bec="0" bev="0" fileid="4" />
                <SequencePoint vc="3" uspid="73" ordinal="0" offset="39" sl="30" sc="7" el="30" ec="7" bec="0" bev="0" fileid="4" />
                <SequencePoint vc="3" uspid="74" ordinal="0" offset="40" sl="31" sc="9" el="31" ec="9" bec="0" bev="0" fileid="4" />
                <SequencePoint vc="3" uspid="75" ordinal="0" offset="47" sl="32" sc="7" el="32" ec="7" bec="0" bev="0" fileid="4" />
                <SequencePoint vc="4" uspid="76" ordinal="0" offset="52" sl="29" sc="32" el="29" ec="32" bec="0" bev="0" fileid="4" />
                <SequencePoint vc="1" uspid="77" ordinal="0" offset="58" sl="33" sc="7" el="33" ec="7" bec="0" bev="0" fileid="4" />
                <SequencePoint vc="1" uspid="78" ordinal="0" offset="70" sl="34" sc="7" el="34" ec="7" bec="0" bev="0" fileid="4" />
                <SequencePoint vc="1" uspid="79" ordinal="0" offset="82" sl="35" sc="5" el="35" ec="5" bec="0" bev="0" fileid="4" />
              </SequencePoints>
              <BranchPoints />
            </Method>
          </Methods>
        </Class>
        <Class>
          <Summary numSequencePoints="43" visitedSequencePoints="43" numBranchPoints="0" visitedBranchPoints="0" sequenceCoverage="100.0" branchCoverage="0.0" maxCyclomaticComplexity="0" minCyclomaticComplexity="0" maxCrapScore="0" minCrapScore="0" visitedClasses="1" numClasses="1" visitedMethods="4" numMethods="4" />
          <FullName>Tests.EnemyTest</FullName>
          <Methods>
            <Method visited="true" cyclomaticComplexity="0" nPathComplexity="0" sequenceCoverage="100.0" branchCoverage="0" crapScore="0" isConstructor="false" isStatic="false" isGetter="false" isSetter="false">
              <Summary numSequencePoints="18" visitedSequencePoints="18" numBranchPoints="0" visitedBranchPoints="0" sequenceCoverage="100.0" branchCoverage="0" maxCyclomaticComplexity="0" minCyclomaticComplexity="0" maxCrapScore="0" minCrapScore="0" visitedClasses="0" numClasses="0" visitedMethods="1" numMethods="1" />
              <MetadataToken>100663314</MetadataToken>
              <Name>System.Void Tests.EnemyTest::Setup()</Name>
              <FileRef uid="5" />
              <SequencePoints>
                <SequencePoint vc="7" uspid="80" ordinal="0" offset="0" sl="22" sc="7" el="22" ec="7" bec="0" bev="0" fileid="5" />
                <SequencePoint vc="7" uspid="81" ordinal="0" offset="1" sl="23" sc="9" el="23" ec="9" bec="0" bev="0" fileid="5" />
                <SequencePoint vc="7" uspid="82" ordinal="0" offset="22" sl="24" sc="9" el="24" ec="9" bec="0" bev="0" fileid="5" />
                <SequencePoint vc="7" uspid="83" ordinal="0" offset="39" sl="25" sc="9" el="25" ec="9" bec="0" bev="0" fileid="5" />
                <SequencePoint vc="7" uspid="84" ordinal="0" offset="56" sl="26" sc="9" el="26" ec="9" bec="0" bev="0" fileid="5" />
                <SequencePoint vc="7" uspid="85" ordinal="0" offset="77" sl="27" sc="9" el="27" ec="9" bec="0" bev="0" fileid="5" />
                <SequencePoint vc="7" uspid="86" ordinal="0" offset="94" sl="28" sc="9" el="28" ec="9" bec="0" bev="0" fileid="5" />
                <SequencePoint vc="7" uspid="87" ordinal="0" offset="115" sl="29" sc="9" el="29" ec="9" bec="0" bev="0" fileid="5" />
                <SequencePoint vc="7" uspid="88" ordinal="0" offset="136" sl="30" sc="9" el="30" ec="9" bec="0" bev="0" fileid="5" />
                <SequencePoint vc="7" uspid="89" ordinal="0" offset="164" sl="31" sc="9" el="31" ec="9" bec="0" bev="0" fileid="5" />
                <SequencePoint vc="7" uspid="90" ordinal="0" offset="187" sl="32" sc="9" el="32" ec="9" bec="0" bev="0" fileid="5" />
                <SequencePoint vc="7" uspid="91" ordinal="0" offset="188" sl="32" sc="40" el="32" ec="40" bec="0" bev="0" fileid="5" />
                <SequencePoint vc="36" uspid="92" ordinal="0" offset="203" sl="32" sc="17" el="32" ec="17" bec="0" bev="0" fileid="5" />
                <SequencePoint vc="36" uspid="93" ordinal="0" offset="207" sl="33" sc="9" el="33" ec="9" bec="0" bev="0" fileid="5" />
                <SequencePoint vc="36" uspid="94" ordinal="0" offset="208" sl="34" sc="11" el="34" ec="11" bec="0" bev="0" fileid="5" />
                <SequencePoint vc="36" uspid="95" ordinal="0" offset="215" sl="35" sc="9" el="35" ec="9" bec="0" bev="0" fileid="5" />
                <SequencePoint vc="43" uspid="96" ordinal="0" offset="220" sl="32" sc="37" el="32" ec="37" bec="0" bev="0" fileid="5" />
                <SequencePoint vc="7" uspid="97" ordinal="0" offset="226" sl="36" sc="7" el="36" ec="7" bec="0" bev="0" fileid="5" />
              </SequencePoints>
              <BranchPoints />
            </Method>
            <Method visited="true" cyclomaticComplexity="0" nPathComplexity="0" sequenceCoverage="100.0" branchCoverage="0" crapScore="0" isConstructor="false" isStatic="false" isGetter="false" isSetter="false">
              <Summary numSequencePoints="18" visitedSequencePoints="18" numBranchPoints="0" visitedBranchPoints="0" sequenceCoverage="100.0" branchCoverage="0" maxCyclomaticComplexity="0" minCyclomaticComplexity="0" maxCrapScore="0" minCrapScore="0" visitedClasses="0" numClasses="0" visitedMethods="1" numMethods="1" />
              <MetadataToken>100663315</MetadataToken>
              <Name>System.Void Tests.EnemyTest::Teardown()</Name>
              <FileRef uid="5" />
              <SequencePoints>
                <SequencePoint vc="7" uspid="98" ordinal="0" offset="0" sl="40" sc="7" el="40" ec="7" bec="0" bev="0" fileid="5" />
                <SequencePoint vc="7" uspid="99" ordinal="0" offset="1" sl="41" sc="9" el="41" ec="9" bec="0" bev="0" fileid="5" />
                <SequencePoint vc="7" uspid="100" ordinal="0" offset="29" sl="42" sc="9" el="42" ec="9" bec="0" bev="0" fileid="5" />
                <SequencePoint vc="7" uspid="101" ordinal="0" offset="52" sl="43" sc="9" el="43" ec="9" bec="0" bev="0" fileid="5" />
                <SequencePoint vc="7" uspid="102" ordinal="0" offset="64" sl="44" sc="9" el="44" ec="9" bec="0" bev="0" fileid="5" />
                <SequencePoint vc="7" uspid="103" ordinal="0" offset="76" sl="45" sc="9" el="45" ec="9" bec="0" bev="0" fileid="5" />
                <SequencePoint vc="7" uspid="104" ordinal="0" offset="77" sl="45" sc="37" el="45" ec="37" bec="0" bev="0" fileid="5" />
                <SequencePoint vc="42" uspid="105" ordinal="0" offset="92" sl="45" sc="17" el="45" ec="17" bec="0" bev="0" fileid="5" />
                <SequencePoint vc="42" uspid="106" ordinal="0" offset="96" sl="46" sc="9" el="46" ec="9" bec="0" bev="0" fileid="5" />
                <SequencePoint vc="42" uspid="107" ordinal="0" offset="97" sl="47" sc="11" el="47" ec="11" bec="0" bev="0" fileid="5" />
                <SequencePoint vc="42" uspid="108" ordinal="0" offset="104" sl="48" sc="9" el="48" ec="9" bec="0" bev="0" fileid="5" />
                <SequencePoint vc="49" uspid="109" ordinal="0" offset="109" sl="45" sc="34" el="45" ec="34" bec="0" bev="0" fileid="5" />
                <SequencePoint vc="7" uspid="110" ordinal="0" offset="115" sl="49" sc="9" el="49" ec="9" bec="0" bev="0" fileid="5" />
                <SequencePoint vc="7" uspid="111" ordinal="0" offset="127" sl="50" sc="9" el="50" ec="9" bec="0" bev="0" fileid="5" />
                <SequencePoint vc="6" uspid="112" ordinal="0" offset="143" sl="51" sc="11" el="51" ec="11" bec="0" bev="0" fileid="5" />
                <SequencePoint vc="7" uspid="113" ordinal="0" offset="155" sl="52" sc="9" el="52" ec="9" bec="0" bev="0" fileid="5" />
                <SequencePoint vc="1" uspid="114" ordinal="0" offset="173" sl="53" sc="11" el="53" ec="11" bec="0" bev="0" fileid="5" />
                <SequencePoint vc="7" uspid="115" ordinal="0" offset="185" sl="54" sc="7" el="54" ec="7" bec="0" bev="0" fileid="5" />
              </SequencePoints>
              <BranchPoints />
            </Method>
            <Method visited="true" cyclomaticComplexity="0" nPathComplexity="0" sequenceCoverage="100.0" branchCoverage="0" crapScore="0" isConstructor="false" isStatic="false" isGetter="false" isSetter="false">
              <Summary numSequencePoints="3" visitedSequencePoints="3" numBranchPoints="0" visitedBranchPoints="0" sequenceCoverage="100.0" branchCoverage="0" maxCyclomaticComplexity="0" minCyclomaticComplexity="0" maxCrapScore="0" minCrapScore="0" visitedClasses="0" numClasses="0" visitedMethods="1" numMethods="1" />
              <MetadataToken>100663316</MetadataToken>
              <Name>UnityEngine.Vector2 Tests.EnemyTest::GetEnemyColliderPos()</Name>
              <FileRef uid="5" />
              <SequencePoints>
                <SequencePoint vc="3" uspid="116" ordinal="0" offset="0" sl="57" sc="7" el="57" ec="7" bec="0" bev="0" fileid="5" />
                <SequencePoint vc="3" uspid="117" ordinal="0" offset="1" sl="58" sc="9" el="58" ec="9" bec="0" bev="0" fileid="5" />
                <SequencePoint vc="3" uspid="118" ordinal="0" offset="64" sl="59" sc="7" el="59" ec="7" bec="0" bev="0" fileid="5" />
              </SequencePoints>
              <BranchPoints />
            </Method>
            <Method visited="true" cyclomaticComplexity="0" nPathComplexity="0" sequenceCoverage="100.0" branchCoverage="0" crapScore="0" isConstructor="false" isStatic="false" isGetter="false" isSetter="false">
              <Summary numSequencePoints="4" visitedSequencePoints="4" numBranchPoints="0" visitedBranchPoints="0" sequenceCoverage="100.0" branchCoverage="0" maxCyclomaticComplexity="0" minCyclomaticComplexity="0" maxCrapScore="0" minCrapScore="0" visitedClasses="0" numClasses="0" visitedMethods="1" numMethods="1" />
              <MetadataToken>100663317</MetadataToken>
              <Name>System.Void Tests.EnemyTest::CollidePlayerWithEnemy()</Name>
              <FileRef uid="5" />
              <SequencePoints>
                <SequencePoint vc="2" uspid="119" ordinal="0" offset="0" sl="62" sc="7" el="62" ec="7" bec="0" bev="0" fileid="5" />
                <SequencePoint vc="2" uspid="120" ordinal="0" offset="1" sl="63" sc="9" el="63" ec="9" bec="0" bev="0" fileid="5" />
                <SequencePoint vc="2" uspid="121" ordinal="0" offset="8" sl="64" sc="9" el="64" ec="9" bec="0" bev="0" fileid="5" />
                <SequencePoint vc="2" uspid="122" ordinal="0" offset="33" sl="65" sc="7" el="65" ec="7" bec="0" bev="0" fileid="5" />
              </SequencePoints>
              <BranchPoints />
            </Method>
          </Methods>
        </Class>
        <Class>
          <Summary numSequencePoints="35" visitedSequencePoints="31" numBranchPoints="0" visitedBranchPoints="0" sequenceCoverage="88.57" branchCoverage="0.0" maxCyclomaticComplexity="0" minCyclomaticComplexity="0" maxCrapScore="0" minCrapScore="0" visitedClasses="1" numClasses="1" visitedMethods="7" numMethods="8" />
          <FullName>Tests.GameManagerTest</FullName>
          <Methods>
            <Method visited="true" cyclomaticComplexity="0" nPathComplexity="0" sequenceCoverage="100.0" branchCoverage="0" crapScore="0" isConstructor="false" isStatic="false" isGetter="false" isSetter="false">
              <Summary numSequencePoints="5" visitedSequencePoints="5" numBranchPoints="0" visitedBranchPoints="0" sequenceCoverage="100.0" branchCoverage="0" maxCyclomaticComplexity="0" minCyclomaticComplexity="0" maxCrapScore="0" minCrapScore="0" visitedClasses="0" numClasses="0" visitedMethods="1" numMethods="1" />
              <MetadataToken>100663325</MetadataToken>
              <Name>System.Void Tests.GameManagerTest::Setup()</Name>
              <FileRef uid="6" />
              <SequencePoints>
                <SequencePoint vc="4" uspid="123" ordinal="0" offset="0" sl="57" sc="9" el="57" ec="9" bec="0" bev="0" fileid="6" />
                <SequencePoint vc="4" uspid="124" ordinal="0" offset="1" sl="58" sc="13" el="58" ec="13" bec="0" bev="0" fileid="6" />
                <SequencePoint vc="4" uspid="125" ordinal="0" offset="8" sl="59" sc="13" el="59" ec="13" bec="0" bev="0" fileid="6" />
                <SequencePoint vc="4" uspid="126" ordinal="0" offset="15" sl="60" sc="13" el="60" ec="13" bec="0" bev="0" fileid="6" />
                <SequencePoint vc="4" uspid="127" ordinal="0" offset="22" sl="61" sc="9" el="61" ec="9" bec="0" bev="0" fileid="6" />
              </SequencePoints>
              <BranchPoints />
            </Method>
            <Method visited="false" cyclomaticComplexity="0" nPathComplexity="0" sequenceCoverage="0.0" branchCoverage="0" crapScore="0" isConstructor="false" isStatic="false" isGetter="false" isSetter="false">
              <Summary numSequencePoints="4" visitedSequencePoints="0" numBranchPoints="0" visitedBranchPoints="0" sequenceCoverage="0.0" branchCoverage="0" maxCyclomaticComplexity="0" minCyclomaticComplexity="0" maxCrapScore="0" minCrapScore="0" visitedClasses="0" numClasses="0" visitedMethods="0" numMethods="1" />
              <MetadataToken>100663326</MetadataToken>
              <Name>System.Void Tests.GameManagerTest::initializeGameManagerAndPlayer()</Name>
              <FileRef uid="6" />
              <SequencePoints>
                <SequencePoint vc="0" uspid="128" ordinal="0" offset="0" sl="63" sc="0" el="63" ec="0" bec="0" bev="0" fileid="6" />
                <SequencePoint vc="0" uspid="129" ordinal="0" offset="1" sl="64" sc="0" el="64" ec="0" bec="0" bev="0" fileid="6" />
                <SequencePoint vc="0" uspid="130" ordinal="0" offset="8" sl="65" sc="0" el="65" ec="0" bec="0" bev="0" fileid="6" />
                <SequencePoint vc="0" uspid="131" ordinal="0" offset="15" sl="66" sc="0" el="66" ec="0" bec="0" bev="0" fileid="6" />
              </SequencePoints>
              <BranchPoints />
            </Method>
            <Method visited="true" cyclomaticComplexity="0" nPathComplexity="0" sequenceCoverage="100.0" branchCoverage="0" crapScore="0" isConstructor="false" isStatic="false" isGetter="false" isSetter="false">
              <Summary numSequencePoints="6" visitedSequencePoints="6" numBranchPoints="0" visitedBranchPoints="0" sequenceCoverage="100.0" branchCoverage="0" maxCyclomaticComplexity="0" minCyclomaticComplexity="0" maxCrapScore="0" minCrapScore="0" visitedClasses="0" numClasses="0" visitedMethods="1" numMethods="1" />
              <MetadataToken>100663327</MetadataToken>
              <Name>System.Void Tests.GameManagerTest::initializeGameManager()</Name>
              <FileRef uid="6" />
              <SequencePoints>
                <SequencePoint vc="4" uspid="132" ordinal="0" offset="0" sl="68" sc="46" el="68" ec="46" bec="0" bev="0" fileid="6" />
                <SequencePoint vc="4" uspid="133" ordinal="0" offset="1" sl="69" sc="13" el="69" ec="13" bec="0" bev="0" fileid="6" />
                <SequencePoint vc="4" uspid="134" ordinal="0" offset="22" sl="70" sc="13" el="70" ec="13" bec="0" bev="0" fileid="6" />
                <SequencePoint vc="4" uspid="135" ordinal="0" offset="39" sl="71" sc="13" el="71" ec="13" bec="0" bev="0" fileid="6" />
                <SequencePoint vc="4" uspid="136" ordinal="0" offset="56" sl="72" sc="13" el="72" ec="13" bec="0" bev="0" fileid="6" />
                <SequencePoint vc="4" uspid="137" ordinal="0" offset="62" sl="73" sc="9" el="73" ec="9" bec="0" bev="0" fileid="6" />
              </SequencePoints>
              <BranchPoints />
            </Method>
            <Method visited="true" cyclomaticComplexity="0" nPathComplexity="0" sequenceCoverage="100.0" branchCoverage="0" crapScore="0" isConstructor="false" isStatic="false" isGetter="false" isSetter="false">
              <Summary numSequencePoints="6" visitedSequencePoints="6" numBranchPoints="0" visitedBranchPoints="0" sequenceCoverage="100.0" branchCoverage="0" maxCyclomaticComplexity="0" minCyclomaticComplexity="0" maxCrapScore="0" minCrapScore="0" visitedClasses="0" numClasses="0" visitedMethods="1" numMethods="1" />
              <MetadataToken>100663328</MetadataToken>
              <Name>System.Void Tests.GameManagerTest::initializeWebRetriever()</Name>
              <FileRef uid="6" />
              <SequencePoints>
                <SequencePoint vc="5" uspid="138" ordinal="0" offset="0" sl="75" sc="47" el="75" ec="47" bec="0" bev="0" fileid="6" />
                <SequencePoint vc="5" uspid="139" ordinal="0" offset="1" sl="76" sc="13" el="76" ec="13" bec="0" bev="0" fileid="6" />
                <SequencePoint vc="5" uspid="140" ordinal="0" offset="12" sl="77" sc="13" el="77" ec="13" bec="0" bev="0" fileid="6" />
                <SequencePoint vc="5" uspid="141" ordinal="0" offset="24" sl="78" sc="13" el="78" ec="13" bec="0" bev="0" fileid="6" />
                <SequencePoint vc="5" uspid="142" ordinal="0" offset="36" sl="79" sc="13" el="79" ec="13" bec="0" bev="0" fileid="6" />
                <SequencePoint vc="5" uspid="143" ordinal="0" offset="53" sl="80" sc="9" el="80" ec="9" bec="0" bev="0" fileid="6" />
              </SequencePoints>
              <BranchPoints />
            </Method>
            <Method visited="true" cyclomaticComplexity="0" nPathComplexity="0" sequenceCoverage="100.0" branchCoverage="0" crapScore="0" isConstructor="false" isStatic="false" isGetter="false" isSetter="false">
              <Summary numSequencePoints="7" visitedSequencePoints="7" numBranchPoints="0" visitedBranchPoints="0" sequenceCoverage="100.0" branchCoverage="0" maxCyclomaticComplexity="0" minCyclomaticComplexity="0" maxCrapScore="0" minCrapScore="0" visitedClasses="0" numClasses="0" visitedMethods="1" numMethods="1" />
              <MetadataToken>100663329</MetadataToken>
              <Name>System.Void Tests.GameManagerTest::initializePlayer()</Name>
              <FileRef uid="6" />
              <SequencePoints>
                <SequencePoint vc="4" uspid="144" ordinal="0" offset="0" sl="82" sc="41" el="82" ec="41" bec="0" bev="0" fileid="6" />
                <SequencePoint vc="4" uspid="145" ordinal="0" offset="1" sl="83" sc="13" el="83" ec="13" bec="0" bev="0" fileid="6" />
                <SequencePoint vc="4" uspid="146" ordinal="0" offset="22" sl="84" sc="13" el="84" ec="13" bec="0" bev="0" fileid="6" />
                <SequencePoint vc="4" uspid="147" ordinal="0" offset="39" sl="86" sc="13" el="86" ec="13" bec="0" bev="0" fileid="6" />
                <SequencePoint vc="4" uspid="148" ordinal="0" offset="56" sl="87" sc="13" el="87" ec="13" bec="0" bev="0" fileid="6" />
                <SequencePoint vc="4" uspid="149" ordinal="0" offset="73" sl="88" sc="13" el="88" ec="13" bec="0" bev="0" fileid="6" />
                <SequencePoint vc="4" uspid="150" ordinal="0" offset="84" sl="89" sc="9" el="89" ec="9" bec="0" bev="0" fileid="6" />
              </SequencePoints>
              <BranchPoints />
            </Method>
            <Method visited="true" cyclomaticComplexity="0" nPathComplexity="0" sequenceCoverage="100.0" branchCoverage="0" crapScore="0" isConstructor="false" isStatic="false" isGetter="false" isSetter="false">
              <Summary numSequencePoints="5" visitedSequencePoints="5" numBranchPoints="0" visitedBranchPoints="0" sequenceCoverage="100.0" branchCoverage="0" maxCyclomaticComplexity="0" minCyclomaticComplexity="0" maxCrapScore="0" minCrapScore="0" visitedClasses="0" numClasses="0" visitedMethods="1" numMethods="1" />
              <MetadataToken>100663330</MetadataToken>
              <Name>System.Void Tests.GameManagerTest::Teardown()</Name>
              <FileRef uid="6" />
              <SequencePoints>
                <SequencePoint vc="4" uspid="151" ordinal="0" offset="0" sl="93" sc="9" el="93" ec="9" bec="0" bev="0" fileid="6" />
                <SequencePoint vc="4" uspid="152" ordinal="0" offset="1" sl="94" sc="13" el="94" ec="13" bec="0" bev="0" fileid="6" />
                <SequencePoint vc="4" uspid="153" ordinal="0" offset="13" sl="95" sc="13" el="95" ec="13" bec="0" bev="0" fileid="6" />
                <SequencePoint vc="4" uspid="154" ordinal="0" offset="25" sl="96" sc="13" el="96" ec="13" bec="0" bev="0" fileid="6" />
                <SequencePoint vc="4" uspid="155" ordinal="0" offset="37" sl="97" sc="9" el="97" ec="9" bec="0" bev="0" fileid="6" />
              </SequencePoints>
              <BranchPoints />
            </Method>
            <Method visited="true" cyclomaticComplexity="0" nPathComplexity="0" sequenceCoverage="100.0" branchCoverage="0" crapScore="0" isConstructor="false" isStatic="false" isGetter="false" isSetter="false">
              <Summary numSequencePoints="1" visitedSequencePoints="1" numBranchPoints="0" visitedBranchPoints="0" sequenceCoverage="100.0" branchCoverage="0" maxCyclomaticComplexity="0" minCyclomaticComplexity="0" maxCrapScore="0" minCrapScore="0" visitedClasses="0" numClasses="0" visitedMethods="1" numMethods="1" />
              <MetadataToken>100663336</MetadataToken>
              <Name>System.Void Tests.GameManagerTest::&lt;TestPostRequestForEndResultsWithoutTimeout&gt;b__17_0()</Name>
              <FileRef uid="6" />
              <SequencePoints>
                <SequencePoint vc="1" uspid="156" ordinal="0" offset="0" sl="130" sc="31" el="130" ec="31" bec="0" bev="0" fileid="6" />
              </SequencePoints>
              <BranchPoints />
            </Method>
            <Method visited="true" cyclomaticComplexity="0" nPathComplexity="0" sequenceCoverage="100.0" branchCoverage="0" crapScore="0" isConstructor="false" isStatic="false" isGetter="false" isSetter="false">
              <Summary numSequencePoints="1" visitedSequencePoints="1" numBranchPoints="0" visitedBranchPoints="0" sequenceCoverage="100.0" branchCoverage="0" maxCyclomaticComplexity="0" minCyclomaticComplexity="0" maxCrapScore="0" minCrapScore="0" visitedClasses="0" numClasses="0" visitedMethods="1" numMethods="1" />
              <MetadataToken>100663337</MetadataToken>
              <Name>System.Void Tests.GameManagerTest::&lt;TestPostRequestForEndResultsAfterPlayerMovement&gt;b__18_0()</Name>
              <FileRef uid="6" />
              <SequencePoints>
                <SequencePoint vc="1" uspid="157" ordinal="0" offset="0" sl="147" sc="31" el="147" ec="31" bec="0" bev="0" fileid="6" />
              </SequencePoints>
              <BranchPoints />
            </Method>
          </Methods>
        </Class>
        <Class>
          <Summary numSequencePoints="16" visitedSequencePoints="16" numBranchPoints="0" visitedBranchPoints="0" sequenceCoverage="100.0" branchCoverage="0.0" maxCyclomaticComplexity="0" minCyclomaticComplexity="0" maxCrapScore="0" minCrapScore="0" visitedClasses="1" numClasses="1" visitedMethods="2" numMethods="2" />
          <FullName>Tests.LevelGenerationTest</FullName>
          <Methods>
            <Method visited="true" cyclomaticComplexity="0" nPathComplexity="0" sequenceCoverage="100.0" branchCoverage="0" crapScore="0" isConstructor="false" isStatic="false" isGetter="false" isSetter="false">
              <Summary numSequencePoints="5" visitedSequencePoints="5" numBranchPoints="0" visitedBranchPoints="0" sequenceCoverage="100.0" branchCoverage="0" maxCyclomaticComplexity="0" minCyclomaticComplexity="0" maxCrapScore="0" minCrapScore="0" visitedClasses="0" numClasses="0" visitedMethods="1" numMethods="1" />
              <MetadataToken>100663338</MetadataToken>
              <Name>System.Void Tests.LevelGenerationTest::Setup()</Name>
              <FileRef uid="7" />
              <SequencePoints>
                <SequencePoint vc="1" uspid="158" ordinal="0" offset="0" sl="18" sc="9" el="18" ec="9" bec="0" bev="0" fileid="7" />
                <SequencePoint vc="1" uspid="159" ordinal="0" offset="1" sl="19" sc="13" el="19" ec="13" bec="0" bev="0" fileid="7" />
                <SequencePoint vc="1" uspid="160" ordinal="0" offset="22" sl="20" sc="13" el="20" ec="13" bec="0" bev="0" fileid="7" />
                <SequencePoint vc="1" uspid="161" ordinal="0" offset="43" sl="21" sc="13" el="21" ec="13" bec="0" bev="0" fileid="7" />
                <SequencePoint vc="1" uspid="162" ordinal="0" offset="60" sl="22" sc="9" el="22" ec="9" bec="0" bev="0" fileid="7" />
              </SequencePoints>
              <BranchPoints />
            </Method>
            <Method visited="true" cyclomaticComplexity="0" nPathComplexity="0" sequenceCoverage="100.0" branchCoverage="0" crapScore="0" isConstructor="false" isStatic="false" isGetter="false" isSetter="false">
              <Summary numSequencePoints="11" visitedSequencePoints="11" numBranchPoints="0" visitedBranchPoints="0" sequenceCoverage="100.0" branchCoverage="0" maxCyclomaticComplexity="0" minCyclomaticComplexity="0" maxCrapScore="0" minCrapScore="0" visitedClasses="0" numClasses="0" visitedMethods="1" numMethods="1" />
              <MetadataToken>100663339</MetadataToken>
              <Name>System.Void Tests.LevelGenerationTest::Teardown()</Name>
              <FileRef uid="7" />
              <SequencePoints>
                <SequencePoint vc="1" uspid="163" ordinal="0" offset="0" sl="26" sc="9" el="26" ec="9" bec="0" bev="0" fileid="7" />
                <SequencePoint vc="1" uspid="164" ordinal="0" offset="1" sl="27" sc="13" el="27" ec="13" bec="0" bev="0" fileid="7" />
                <SequencePoint vc="1" uspid="165" ordinal="0" offset="13" sl="28" sc="13" el="28" ec="13" bec="0" bev="0" fileid="7" />
                <SequencePoint vc="1" uspid="166" ordinal="0" offset="25" sl="29" sc="13" el="29" ec="13" bec="0" bev="0" fileid="7" />
                <SequencePoint vc="1" uspid="167" ordinal="0" offset="26" sl="29" sc="41" el="29" ec="41" bec="0" bev="0" fileid="7" />
                <SequencePoint vc="7" uspid="168" ordinal="0" offset="41" sl="29" sc="21" el="29" ec="21" bec="0" bev="0" fileid="7" />
                <SequencePoint vc="7" uspid="169" ordinal="0" offset="45" sl="30" sc="13" el="30" ec="13" bec="0" bev="0" fileid="7" />
                <SequencePoint vc="7" uspid="170" ordinal="0" offset="46" sl="31" sc="15" el="31" ec="15" bec="0" bev="0" fileid="7" />
                <SequencePoint vc="7" uspid="171" ordinal="0" offset="53" sl="32" sc="13" el="32" ec="13" bec="0" bev="0" fileid="7" />
                <SequencePoint vc="8" uspid="172" ordinal="0" offset="58" sl="29" sc="38" el="29" ec="38" bec="0" bev="0" fileid="7" />
                <SequencePoint vc="1" uspid="173" ordinal="0" offset="64" sl="33" sc="9" el="33" ec="9" bec="0" bev="0" fileid="7" />
              </SequencePoints>
              <BranchPoints />
            </Method>
          </Methods>
        </Class>
        <Class>
          <Summary numSequencePoints="29" visitedSequencePoints="29" numBranchPoints="0" visitedBranchPoints="0" sequenceCoverage="100.0" branchCoverage="0.0" maxCyclomaticComplexity="0" minCyclomaticComplexity="0" maxCrapScore="0" minCrapScore="0" visitedClasses="1" numClasses="1" visitedMethods="3" numMethods="3" />
          <FullName>Tests.PlayerTest</FullName>
          <Methods>
            <Method visited="true" cyclomaticComplexity="0" nPathComplexity="0" sequenceCoverage="100.0" branchCoverage="0" crapScore="0" isConstructor="false" isStatic="false" isGetter="false" isSetter="false">
              <Summary numSequencePoints="11" visitedSequencePoints="11" numBranchPoints="0" visitedBranchPoints="0" sequenceCoverage="100.0" branchCoverage="0" maxCyclomaticComplexity="0" minCyclomaticComplexity="0" maxCrapScore="0" minCrapScore="0" visitedClasses="0" numClasses="0" visitedMethods="1" numMethods="1" />
              <MetadataToken>100663342</MetadataToken>
              <Name>System.Void Tests.PlayerTest::Setup()</Name>
              <FileRef uid="8" />
              <SequencePoints>
                <SequencePoint vc="13" uspid="174" ordinal="0" offset="0" sl="32" sc="9" el="32" ec="9" bec="0" bev="0" fileid="8" />
                <SequencePoint vc="13" uspid="175" ordinal="0" offset="1" sl="33" sc="13" el="33" ec="13" bec="0" bev="0" fileid="8" />
                <SequencePoint vc="13" uspid="176" ordinal="0" offset="22" sl="34" sc="13" el="34" ec="13" bec="0" bev="0" fileid="8" />
                <SequencePoint vc="13" uspid="177" ordinal="0" offset="39" sl="35" sc="13" el="35" ec="13" bec="0" bev="0" fileid="8" />
                <SequencePoint vc="13" uspid="178" ordinal="0" offset="56" sl="36" sc="13" el="36" ec="13" bec="0" bev="0" fileid="8" />
                <SequencePoint vc="13" uspid="179" ordinal="0" offset="73" sl="37" sc="13" el="37" ec="13" bec="0" bev="0" fileid="8" />
                <SequencePoint vc="13" uspid="180" ordinal="0" offset="90" sl="38" sc="13" el="38" ec="13" bec="0" bev="0" fileid="8" />
                <SequencePoint vc="13" uspid="181" ordinal="0" offset="114" sl="39" sc="13" el="39" ec="13" bec="0" bev="0" fileid="8" />
                <SequencePoint vc="13" uspid="182" ordinal="0" offset="131" sl="40" sc="13" el="40" ec="13" bec="0" bev="0" fileid="8" />
                <SequencePoint vc="13" uspid="183" ordinal="0" offset="148" sl="41" sc="13" el="41" ec="13" bec="0" bev="0" fileid="8" />
                <SequencePoint vc="13" uspid="184" ordinal="0" offset="171" sl="42" sc="9" el="42" ec="9" bec="0" bev="0" fileid="8" />
              </SequencePoints>
              <BranchPoints />
            </Method>
            <Method visited="true" cyclomaticComplexity="0" nPathComplexity="0" sequenceCoverage="100.0" branchCoverage="0" crapScore="0" isConstructor="false" isStatic="false" isGetter="false" isSetter="false">
              <Summary numSequencePoints="9" visitedSequencePoints="9" numBranchPoints="0" visitedBranchPoints="0" sequenceCoverage="100.0" branchCoverage="0" maxCyclomaticComplexity="0" minCyclomaticComplexity="0" maxCrapScore="0" minCrapScore="0" visitedClasses="0" numClasses="0" visitedMethods="1" numMethods="1" />
              <MetadataToken>100663343</MetadataToken>
              <Name>System.Void Tests.PlayerTest::Teardown()</Name>
              <FileRef uid="8" />
              <SequencePoints>
                <SequencePoint vc="13" uspid="185" ordinal="0" offset="0" sl="46" sc="9" el="46" ec="9" bec="0" bev="0" fileid="8" />
                <SequencePoint vc="13" uspid="186" ordinal="0" offset="1" sl="47" sc="13" el="47" ec="13" bec="0" bev="0" fileid="8" />
                <SequencePoint vc="13" uspid="187" ordinal="0" offset="24" sl="48" sc="13" el="48" ec="13" bec="0" bev="0" fileid="8" />
                <SequencePoint vc="13" uspid="188" ordinal="0" offset="36" sl="49" sc="13" el="49" ec="13" bec="0" bev="0" fileid="8" />
                <SequencePoint vc="3" uspid="189" ordinal="0" offset="52" sl="50" sc="13" el="50" ec="13" bec="0" bev="0" fileid="8" />
                <SequencePoint vc="3" uspid="190" ordinal="0" offset="53" sl="51" sc="15" el="51" ec="15" bec="0" bev="0" fileid="8" />
                <SequencePoint vc="3" uspid="191" ordinal="0" offset="70" sl="52" sc="15" el="52" ec="15" bec="0" bev="0" fileid="8" />
                <SequencePoint vc="3" uspid="192" ordinal="0" offset="82" sl="53" sc="13" el="53" ec="13" bec="0" bev="0" fileid="8" />
                <SequencePoint vc="13" uspid="193" ordinal="0" offset="83" sl="54" sc="9" el="54" ec="9" bec="0" bev="0" fileid="8" />
              </SequencePoints>
              <BranchPoints />
            </Method>
            <Method visited="true" cyclomaticComplexity="0" nPathComplexity="0" sequenceCoverage="100.0" branchCoverage="0" crapScore="0" isConstructor="false" isStatic="false" isGetter="false" isSetter="false">
              <Summary numSequencePoints="9" visitedSequencePoints="9" numBranchPoints="0" visitedBranchPoints="0" sequenceCoverage="100.0" branchCoverage="0" maxCyclomaticComplexity="0" minCyclomaticComplexity="0" maxCrapScore="0" minCrapScore="0" visitedClasses="0" numClasses="0" visitedMethods="1" numMethods="1" />
              <MetadataToken>100663344</MetadataToken>
              <Name>System.Void Tests.PlayerTest::CreateGround()</Name>
              <FileRef uid="8" />
              <SequencePoints>
                <SequencePoint vc="3" uspid="194" ordinal="0" offset="0" sl="57" sc="9" el="57" ec="9" bec="0" bev="0" fileid="8" />
                <SequencePoint vc="3" uspid="195" ordinal="0" offset="1" sl="58" sc="11" el="58" ec="11" bec="0" bev="0" fileid="8" />
                <SequencePoint vc="3" uspid="196" ordinal="0" offset="17" sl="59" sc="11" el="59" ec="11" bec="0" bev="0" fileid="8" />
                <SequencePoint vc="3" uspid="197" ordinal="0" offset="30" sl="60" sc="11" el="60" ec="11" bec="0" bev="0" fileid="8" />
                <SequencePoint vc="3" uspid="198" ordinal="0" offset="42" sl="61" sc="11" el="61" ec="11" bec="0" bev="0" fileid="8" />
                <SequencePoint vc="3" uspid="199" ordinal="0" offset="57" sl="62" sc="11" el="62" ec="11" bec="0" bev="0" fileid="8" />
                <SequencePoint vc="3" uspid="200" ordinal="0" offset="114" sl="63" sc="11" el="63" ec="11" bec="0" bev="0" fileid="8" />
                <SequencePoint vc="3" uspid="201" ordinal="0" offset="132" sl="64" sc="11" el="64" ec="11" bec="0" bev="0" fileid="8" />
                <SequencePoint vc="3" uspid="202" ordinal="0" offset="144" sl="65" sc="9" el="65" ec="9" bec="0" bev="0" fileid="8" />
              </SequencePoints>
              <BranchPoints />
            </Method>
          </Methods>
        </Class>
        <Class>
          <Summary numSequencePoints="37" visitedSequencePoints="37" numBranchPoints="0" visitedBranchPoints="0" sequenceCoverage="100.0" branchCoverage="0.0" maxCyclomaticComplexity="0" minCyclomaticComplexity="0" maxCrapScore="0" minCrapScore="0" visitedClasses="1" numClasses="1" visitedMethods="2" numMethods="2" />
          <FullName>Tests.QuestionFreezesGamePlayIntegrationTest</FullName>
          <Methods>
            <Method visited="true" cyclomaticComplexity="0" nPathComplexity="0" sequenceCoverage="100.0" branchCoverage="0" crapScore="0" isConstructor="false" isStatic="false" isGetter="false" isSetter="false">
              <Summary numSequencePoints="13" visitedSequencePoints="13" numBranchPoints="0" visitedBranchPoints="0" sequenceCoverage="100.0" branchCoverage="0" maxCyclomaticComplexity="0" minCyclomaticComplexity="0" maxCrapScore="0" minCrapScore="0" visitedClasses="0" numClasses="0" visitedMethods="1" numMethods="1" />
              <MetadataToken>100663359</MetadataToken>
              <Name>System.Void Tests.QuestionFreezesGamePlayIntegrationTest::Setup()</Name>
              <FileRef uid="9" />
              <SequencePoints>
                <SequencePoint vc="8" uspid="203" ordinal="0" offset="0" sl="22" sc="5" el="22" ec="5" bec="0" bev="0" fileid="9" />
                <SequencePoint vc="8" uspid="204" ordinal="0" offset="1" sl="23" sc="9" el="23" ec="9" bec="0" bev="0" fileid="9" />
                <SequencePoint vc="8" uspid="205" ordinal="0" offset="22" sl="24" sc="9" el="24" ec="9" bec="0" bev="0" fileid="9" />
                <SequencePoint vc="8" uspid="206" ordinal="0" offset="43" sl="25" sc="9" el="25" ec="9" bec="0" bev="0" fileid="9" />
                <SequencePoint vc="8" uspid="207" ordinal="0" offset="60" sl="26" sc="9" el="26" ec="9" bec="0" bev="0" fileid="9" />
                <SequencePoint vc="8" uspid="208" ordinal="0" offset="77" sl="27" sc="9" el="27" ec="9" bec="0" bev="0" fileid="9" />
                <SequencePoint vc="8" uspid="209" ordinal="0" offset="98" sl="28" sc="9" el="28" ec="9" bec="0" bev="0" fileid="9" />
                <SequencePoint vc="8" uspid="210" ordinal="0" offset="119" sl="29" sc="9" el="29" ec="9" bec="0" bev="0" fileid="9" />
                <SequencePoint vc="8" uspid="211" ordinal="0" offset="136" sl="30" sc="9" el="30" ec="9" bec="0" bev="0" fileid="9" />
                <SequencePoint vc="8" uspid="212" ordinal="0" offset="157" sl="31" sc="9" el="31" ec="9" bec="0" bev="0" fileid="9" />
                <SequencePoint vc="8" uspid="213" ordinal="0" offset="174" sl="32" sc="9" el="32" ec="9" bec="0" bev="0" fileid="9" />
                <SequencePoint vc="8" uspid="214" ordinal="0" offset="192" sl="33" sc="9" el="33" ec="9" bec="0" bev="0" fileid="9" />
                <SequencePoint vc="8" uspid="215" ordinal="0" offset="215" sl="34" sc="5" el="34" ec="5" bec="0" bev="0" fileid="9" />
              </SequencePoints>
              <BranchPoints />
            </Method>
            <Method visited="true" cyclomaticComplexity="0" nPathComplexity="0" sequenceCoverage="100.0" branchCoverage="0" crapScore="0" isConstructor="false" isStatic="false" isGetter="false" isSetter="false">
              <Summary numSequencePoints="24" visitedSequencePoints="24" numBranchPoints="0" visitedBranchPoints="0" sequenceCoverage="100.0" branchCoverage="0" maxCyclomaticComplexity="0" minCyclomaticComplexity="0" maxCrapScore="0" minCrapScore="0" visitedClasses="0" numClasses="0" visitedMethods="1" numMethods="1" />
              <MetadataToken>100663360</MetadataToken>
              <Name>System.Void Tests.QuestionFreezesGamePlayIntegrationTest::Teardown()</Name>
              <FileRef uid="9" />
              <SequencePoints>
                <SequencePoint vc="8" uspid="216" ordinal="0" offset="0" sl="38" sc="5" el="38" ec="5" bec="0" bev="0" fileid="9" />
                <SequencePoint vc="8" uspid="217" ordinal="0" offset="1" sl="39" sc="9" el="39" ec="9" bec="0" bev="0" fileid="9" />
                <SequencePoint vc="8" uspid="218" ordinal="0" offset="24" sl="40" sc="9" el="40" ec="9" bec="0" bev="0" fileid="9" />
                <SequencePoint vc="8" uspid="219" ordinal="0" offset="47" sl="41" sc="9" el="41" ec="9" bec="0" bev="0" fileid="9" />
                <SequencePoint vc="8" uspid="220" ordinal="0" offset="65" sl="42" sc="9" el="42" ec="9" bec="0" bev="0" fileid="9" />
                <SequencePoint vc="8" uspid="221" ordinal="0" offset="77" sl="43" sc="9" el="43" ec="9" bec="0" bev="0" fileid="9" />
                <SequencePoint vc="8" uspid="222" ordinal="0" offset="89" sl="44" sc="9" el="44" ec="9" bec="0" bev="0" fileid="9" />
                <SequencePoint vc="8" uspid="223" ordinal="0" offset="101" sl="45" sc="9" el="45" ec="9" bec="0" bev="0" fileid="9" />
                <SequencePoint vc="8" uspid="224" ordinal="0" offset="102" sl="45" sc="37" el="45" ec="37" bec="0" bev="0" fileid="9" />
                <SequencePoint vc="9" uspid="225" ordinal="0" offset="117" sl="45" sc="17" el="45" ec="17" bec="0" bev="0" fileid="9" />
                <SequencePoint vc="9" uspid="226" ordinal="0" offset="121" sl="46" sc="9" el="46" ec="9" bec="0" bev="0" fileid="9" />
                <SequencePoint vc="9" uspid="227" ordinal="0" offset="122" sl="47" sc="11" el="47" ec="11" bec="0" bev="0" fileid="9" />
                <SequencePoint vc="9" uspid="228" ordinal="0" offset="129" sl="48" sc="9" el="48" ec="9" bec="0" bev="0" fileid="9" />
                <SequencePoint vc="17" uspid="229" ordinal="0" offset="134" sl="45" sc="34" el="45" ec="34" bec="0" bev="0" fileid="9" />
                <SequencePoint vc="8" uspid="230" ordinal="0" offset="140" sl="49" sc="9" el="49" ec="9" bec="0" bev="0" fileid="9" />
                <SequencePoint vc="8" uspid="231" ordinal="0" offset="152" sl="50" sc="9" el="50" ec="9" bec="0" bev="0" fileid="9" />
                <SequencePoint vc="8" uspid="232" ordinal="0" offset="153" sl="50" sc="37" el="50" ec="37" bec="0" bev="0" fileid="9" />
                <SequencePoint vc="48" uspid="233" ordinal="0" offset="169" sl="50" sc="17" el="50" ec="17" bec="0" bev="0" fileid="9" />
                <SequencePoint vc="48" uspid="234" ordinal="0" offset="175" sl="51" sc="9" el="51" ec="9" bec="0" bev="0" fileid="9" />
                <SequencePoint vc="48" uspid="235" ordinal="0" offset="176" sl="52" sc="11" el="52" ec="11" bec="0" bev="0" fileid="9" />
                <SequencePoint vc="48" uspid="236" ordinal="0" offset="184" sl="53" sc="9" el="53" ec="9" bec="0" bev="0" fileid="9" />
                <SequencePoint vc="56" uspid="237" ordinal="0" offset="191" sl="50" sc="34" el="50" ec="34" bec="0" bev="0" fileid="9" />
                <SequencePoint vc="8" uspid="238" ordinal="0" offset="198" sl="54" sc="9" el="54" ec="9" bec="0" bev="0" fileid="9" />
                <SequencePoint vc="8" uspid="239" ordinal="0" offset="210" sl="55" sc="5" el="55" ec="5" bec="0" bev="0" fileid="9" />
              </SequencePoints>
              <BranchPoints />
            </Method>
          </Methods>
        </Class>
        <Class>
          <Summary numSequencePoints="35" visitedSequencePoints="35" numBranchPoints="0" visitedBranchPoints="0" sequenceCoverage="100.0" branchCoverage="0.0" maxCyclomaticComplexity="0" minCyclomaticComplexity="0" maxCrapScore="0" minCrapScore="0" visitedClasses="1" numClasses="1" visitedMethods="3" numMethods="3" />
          <FullName>Tests.QuestionManagerTest</FullName>
          <Methods>
            <Method visited="true" cyclomaticComplexity="0" nPathComplexity="0" sequenceCoverage="100.0" branchCoverage="0" crapScore="0" isConstructor="false" isStatic="false" isGetter="false" isSetter="false">
              <Summary numSequencePoints="20" visitedSequencePoints="20" numBranchPoints="0" visitedBranchPoints="0" sequenceCoverage="100.0" branchCoverage="0" maxCyclomaticComplexity="0" minCyclomaticComplexity="0" maxCrapScore="0" minCrapScore="0" visitedClasses="0" numClasses="0" visitedMethods="1" numMethods="1" />
              <MetadataToken>100663367</MetadataToken>
              <Name>System.Void Tests.QuestionManagerTest::SetUp()</Name>
              <FileRef uid="10" />
              <SequencePoints>
                <SequencePoint vc="4" uspid="240" ordinal="0" offset="0" sl="66" sc="9" el="66" ec="9" bec="0" bev="0" fileid="10" />
                <SequencePoint vc="4" uspid="241" ordinal="0" offset="1" sl="67" sc="13" el="67" ec="13" bec="0" bev="0" fileid="10" />
                <SequencePoint vc="4" uspid="242" ordinal="0" offset="12" sl="68" sc="17" el="68" ec="17" bec="0" bev="0" fileid="10" />
                <SequencePoint vc="4" uspid="243" ordinal="0" offset="23" sl="69" sc="13" el="69" ec="13" bec="0" bev="0" fileid="10" />
                <SequencePoint vc="4" uspid="244" ordinal="0" offset="39" sl="70" sc="13" el="70" ec="13" bec="0" bev="0" fileid="10" />
                <SequencePoint vc="4" uspid="245" ordinal="0" offset="52" sl="71" sc="13" el="71" ec="13" bec="0" bev="0" fileid="10" />
                <SequencePoint vc="4" uspid="246" ordinal="0" offset="64" sl="72" sc="13" el="72" ec="13" bec="0" bev="0" fileid="10" />
                <SequencePoint vc="4" uspid="247" ordinal="0" offset="80" sl="73" sc="13" el="73" ec="13" bec="0" bev="0" fileid="10" />
                <SequencePoint vc="4" uspid="248" ordinal="0" offset="93" sl="74" sc="13" el="74" ec="13" bec="0" bev="0" fileid="10" />
                <SequencePoint vc="4" uspid="249" ordinal="0" offset="105" sl="75" sc="13" el="75" ec="13" bec="0" bev="0" fileid="10" />
                <SequencePoint vc="4" uspid="250" ordinal="0" offset="122" sl="76" sc="13" el="76" ec="13" bec="0" bev="0" fileid="10" />
                <SequencePoint vc="4" uspid="251" ordinal="0" offset="139" sl="77" sc="13" el="77" ec="13" bec="0" bev="0" fileid="10" />
                <SequencePoint vc="4" uspid="252" ordinal="0" offset="156" sl="78" sc="13" el="78" ec="13" bec="0" bev="0" fileid="10" />
                <SequencePoint vc="4" uspid="253" ordinal="0" offset="169" sl="79" sc="13" el="79" ec="13" bec="0" bev="0" fileid="10" />
                <SequencePoint vc="4" uspid="254" ordinal="0" offset="187" sl="80" sc="13" el="80" ec="13" bec="0" bev="0" fileid="10" />
                <SequencePoint vc="4" uspid="255" ordinal="0" offset="204" sl="81" sc="13" el="81" ec="13" bec="0" bev="0" fileid="10" />
                <SequencePoint vc="4" uspid="256" ordinal="0" offset="226" sl="82" sc="13" el="82" ec="13" bec="0" bev="0" fileid="10" />
                <SequencePoint vc="4" uspid="257" ordinal="0" offset="248" sl="83" sc="13" el="83" ec="13" bec="0" bev="0" fileid="10" />
                <SequencePoint vc="4" uspid="258" ordinal="0" offset="269" sl="85" sc="17" el="85" ec="17" bec="0" bev="0" fileid="10" />
                <SequencePoint vc="4" uspid="259" ordinal="0" offset="312" sl="90" sc="9" el="90" ec="9" bec="0" bev="0" fileid="10" />
              </SequencePoints>
              <BranchPoints />
            </Method>
            <Method visited="true" cyclomaticComplexity="0" nPathComplexity="0" sequenceCoverage="100.0" branchCoverage="0" crapScore="0" isConstructor="false" isStatic="false" isGetter="false" isSetter="false">
              <Summary numSequencePoints="10" visitedSequencePoints="10" numBranchPoints="0" visitedBranchPoints="0" sequenceCoverage="100.0" branchCoverage="0" maxCyclomaticComplexity="0" minCyclomaticComplexity="0" maxCrapScore="0" minCrapScore="0" visitedClasses="0" numClasses="0" visitedMethods="1" numMethods="1" />
              <MetadataToken>100663368</MetadataToken>
              <Name>System.Void Tests.QuestionManagerTest::TearDown()</Name>
              <FileRef uid="10" />
              <SequencePoints>
                <SequencePoint vc="4" uspid="260" ordinal="0" offset="0" sl="94" sc="9" el="94" ec="9" bec="0" bev="0" fileid="10" />
                <SequencePoint vc="4" uspid="261" ordinal="0" offset="1" sl="95" sc="13" el="95" ec="13" bec="0" bev="0" fileid="10" />
                <SequencePoint vc="4" uspid="262" ordinal="0" offset="13" sl="96" sc="13" el="96" ec="13" bec="0" bev="0" fileid="10" />
                <SequencePoint vc="4" uspid="263" ordinal="0" offset="14" sl="96" sc="40" el="96" ec="40" bec="0" bev="0" fileid="10" />
                <SequencePoint vc="37" uspid="264" ordinal="0" offset="28" sl="96" sc="22" el="96" ec="22" bec="0" bev="0" fileid="10" />
                <SequencePoint vc="37" uspid="265" ordinal="0" offset="36" sl="97" sc="13" el="97" ec="13" bec="0" bev="0" fileid="10" />
                <SequencePoint vc="37" uspid="266" ordinal="0" offset="37" sl="98" sc="17" el="98" ec="17" bec="0" bev="0" fileid="10" />
                <SequencePoint vc="37" uspid="267" ordinal="0" offset="44" sl="99" sc="13" el="99" ec="13" bec="0" bev="0" fileid="10" />
                <SequencePoint vc="41" uspid="268" ordinal="0" offset="45" sl="96" sc="37" el="96" ec="37" bec="0" bev="0" fileid="10" />
                <SequencePoint vc="4" uspid="269" ordinal="0" offset="71" sl="100" sc="9" el="100" ec="9" bec="0" bev="0" fileid="10" />
              </SequencePoints>
              <BranchPoints />
            </Method>
            <Method visited="true" cyclomaticComplexity="0" nPathComplexity="0" sequenceCoverage="100.0" branchCoverage="0" crapScore="0" isConstructor="false" isStatic="false" isGetter="false" isSetter="false">
              <Summary numSequencePoints="5" visitedSequencePoints="5" numBranchPoints="0" visitedBranchPoints="0" sequenceCoverage="100.0" branchCoverage="0" maxCyclomaticComplexity="0" minCyclomaticComplexity="0" maxCrapScore="0" minCrapScore="0" visitedClasses="0" numClasses="0" visitedMethods="1" numMethods="1" />
              <MetadataToken>100663369</MetadataToken>
              <Name>T Tests.QuestionManagerTest::AddComponent[T]()</Name>
              <FileRef uid="10" />
              <SequencePoints>
                <SequencePoint vc="29" uspid="270" ordinal="0" offset="0" sl="103" sc="0" el="103" ec="0" bec="0" bev="0" fileid="10" />
                <SequencePoint vc="29" uspid="271" ordinal="0" offset="1" sl="104" sc="0" el="104" ec="0" bec="0" bev="0" fileid="10" />
                <SequencePoint vc="29" uspid="272" ordinal="0" offset="7" sl="105" sc="0" el="105" ec="0" bec="0" bev="0" fileid="10" />
                <SequencePoint vc="29" uspid="273" ordinal="0" offset="20" sl="106" sc="0" el="106" ec="0" bec="0" bev="0" fileid="10" />
                <SequencePoint vc="29" uspid="274" ordinal="0" offset="29" sl="107" sc="0" el="107" ec="0" bec="0" bev="0" fileid="10" />
              </SequencePoints>
              <BranchPoints />
            </Method>
          </Methods>
        </Class>
        <Class>
          <Summary numSequencePoints="8" visitedSequencePoints="8" numBranchPoints="0" visitedBranchPoints="0" sequenceCoverage="100.0" branchCoverage="0.0" maxCyclomaticComplexity="0" minCyclomaticComplexity="0" maxCrapScore="0" minCrapScore="0" visitedClasses="1" numClasses="1" visitedMethods="2" numMethods="2" />
          <FullName>Tests.TimerManagerTest</FullName>
          <Methods>
            <Method visited="true" cyclomaticComplexity="0" nPathComplexity="0" sequenceCoverage="100.0" branchCoverage="0" crapScore="0" isConstructor="false" isStatic="false" isGetter="false" isSetter="false">
              <Summary numSequencePoints="5" visitedSequencePoints="5" numBranchPoints="0" visitedBranchPoints="0" sequenceCoverage="100.0" branchCoverage="0" maxCyclomaticComplexity="0" minCyclomaticComplexity="0" maxCrapScore="0" minCrapScore="0" visitedClasses="0" numClasses="0" visitedMethods="1" numMethods="1" />
              <MetadataToken>100663377</MetadataToken>
              <Name>System.Void Tests.TimerManagerTest::Setup()</Name>
              <FileRef uid="11" />
              <SequencePoints>
                <SequencePoint vc="3" uspid="275" ordinal="0" offset="0" sl="15" sc="29" el="15" ec="29" bec="0" bev="0" fileid="11" />
                <SequencePoint vc="3" uspid="276" ordinal="0" offset="1" sl="16" sc="13" el="16" ec="13" bec="0" bev="0" fileid="11" />
                <SequencePoint vc="3" uspid="277" ordinal="0" offset="22" sl="17" sc="13" el="17" ec="13" bec="0" bev="0" fileid="11" />
                <SequencePoint vc="3" uspid="278" ordinal="0" offset="39" sl="18" sc="13" el="18" ec="13" bec="0" bev="0" fileid="11" />
                <SequencePoint vc="3" uspid="279" ordinal="0" offset="56" sl="19" sc="9" el="19" ec="9" bec="0" bev="0" fileid="11" />
              </SequencePoints>
              <BranchPoints />
            </Method>
            <Method visited="true" cyclomaticComplexity="0" nPathComplexity="0" sequenceCoverage="100.0" branchCoverage="0" crapScore="0" isConstructor="false" isStatic="false" isGetter="false" isSetter="false">
              <Summary numSequencePoints="3" visitedSequencePoints="3" numBranchPoints="0" visitedBranchPoints="0" sequenceCoverage="100.0" branchCoverage="0" maxCyclomaticComplexity="0" minCyclomaticComplexity="0" maxCrapScore="0" minCrapScore="0" visitedClasses="0" numClasses="0" visitedMethods="1" numMethods="1" />
              <MetadataToken>100663378</MetadataToken>
              <Name>System.Void Tests.TimerManagerTest::Teardown()</Name>
              <FileRef uid="11" />
              <SequencePoints>
                <SequencePoint vc="3" uspid="280" ordinal="0" offset="0" sl="23" sc="9" el="23" ec="9" bec="0" bev="0" fileid="11" />
                <SequencePoint vc="3" uspid="281" ordinal="0" offset="1" sl="24" sc="13" el="24" ec="13" bec="0" bev="0" fileid="11" />
                <SequencePoint vc="3" uspid="282" ordinal="0" offset="13" sl="25" sc="9" el="25" ec="9" bec="0" bev="0" fileid="11" />
              </SequencePoints>
              <BranchPoints />
            </Method>
          </Methods>
        </Class>
        <Class>
          <Summary numSequencePoints="6" visitedSequencePoints="6" numBranchPoints="0" visitedBranchPoints="0" sequenceCoverage="100.0" branchCoverage="0.0" maxCyclomaticComplexity="0" minCyclomaticComplexity="0" maxCrapScore="0" minCrapScore="0" visitedClasses="1" numClasses="1" visitedMethods="1" numMethods="1" />
          <FullName>Tests.CameraTest/&lt;TestCameraMovementRight&gt;d__7</FullName>
          <Methods>
            <Method visited="true" cyclomaticComplexity="0" nPathComplexity="0" sequenceCoverage="100.0" branchCoverage="0" crapScore="0" isConstructor="false" isStatic="false" isGetter="false" isSetter="false">
              <Summary numSequencePoints="6" visitedSequencePoints="6" numBranchPoints="0" visitedBranchPoints="0" sequenceCoverage="100.0" branchCoverage="0" maxCyclomaticComplexity="0" minCyclomaticComplexity="0" maxCrapScore="0" minCrapScore="0" visitedClasses="0" numClasses="0" visitedMethods="1" numMethods="1" />
              <MetadataToken>100663385</MetadataToken>
              <Name>System.Boolean Tests.CameraTest/&lt;TestCameraMovementRight&gt;d__7::MoveNext()</Name>
              <FileRef uid="2" />
              <SequencePoints>
                <SequencePoint vc="1" uspid="283" ordinal="0" offset="31" sl="39" sc="9" el="39" ec="9" bec="0" bev="0" fileid="2" />
                <SequencePoint vc="1" uspid="284" ordinal="0" offset="32" sl="40" sc="13" el="40" ec="13" bec="0" bev="0" fileid="2" />
                <SequencePoint vc="1" uspid="285" ordinal="0" offset="64" sl="41" sc="13" el="41" ec="13" bec="0" bev="0" fileid="2" />
                <SequencePoint vc="1" uspid="286" ordinal="0" offset="93" sl="42" sc="13" el="42" ec="13" bec="0" bev="0" fileid="2" />
                <SequencePoint vc="1" uspid="287" ordinal="0" offset="125" sl="43" sc="13" el="43" ec="13" bec="0" bev="0" fileid="2" />
                <SequencePoint vc="1" uspid="288" ordinal="0" offset="163" sl="44" sc="9" el="44" ec="9" bec="0" bev="0" fileid="2" />
              </SequencePoints>
              <BranchPoints />
            </Method>
          </Methods>
        </Class>
        <Class>
          <Summary numSequencePoints="6" visitedSequencePoints="6" numBranchPoints="0" visitedBranchPoints="0" sequenceCoverage="100.0" branchCoverage="0.0" maxCyclomaticComplexity="0" minCyclomaticComplexity="0" maxCrapScore="0" minCrapScore="0" visitedClasses="1" numClasses="1" visitedMethods="1" numMethods="1" />
          <FullName>Tests.CameraTest/&lt;TestCameraMovementLeft&gt;d__8</FullName>
          <Methods>
            <Method visited="true" cyclomaticComplexity="0" nPathComplexity="0" sequenceCoverage="100.0" branchCoverage="0" crapScore="0" isConstructor="false" isStatic="false" isGetter="false" isSetter="false">
              <Summary numSequencePoints="6" visitedSequencePoints="6" numBranchPoints="0" visitedBranchPoints="0" sequenceCoverage="100.0" branchCoverage="0" maxCyclomaticComplexity="0" minCyclomaticComplexity="0" maxCrapScore="0" minCrapScore="0" visitedClasses="0" numClasses="0" visitedMethods="1" numMethods="1" />
              <MetadataToken>100663391</MetadataToken>
              <Name>System.Boolean Tests.CameraTest/&lt;TestCameraMovementLeft&gt;d__8::MoveNext()</Name>
              <FileRef uid="2" />
              <SequencePoints>
                <SequencePoint vc="1" uspid="289" ordinal="0" offset="31" sl="48" sc="9" el="48" ec="9" bec="0" bev="0" fileid="2" />
                <SequencePoint vc="1" uspid="290" ordinal="0" offset="32" sl="49" sc="13" el="49" ec="13" bec="0" bev="0" fileid="2" />
                <SequencePoint vc="1" uspid="291" ordinal="0" offset="64" sl="50" sc="13" el="50" ec="13" bec="0" bev="0" fileid="2" />
                <SequencePoint vc="1" uspid="292" ordinal="0" offset="93" sl="51" sc="13" el="51" ec="13" bec="0" bev="0" fileid="2" />
                <SequencePoint vc="1" uspid="293" ordinal="0" offset="125" sl="52" sc="13" el="52" ec="13" bec="0" bev="0" fileid="2" />
                <SequencePoint vc="1" uspid="294" ordinal="0" offset="163" sl="53" sc="9" el="53" ec="9" bec="0" bev="0" fileid="2" />
              </SequencePoints>
              <BranchPoints />
            </Method>
          </Methods>
        </Class>
        <Class>
          <Summary numSequencePoints="8" visitedSequencePoints="2" numBranchPoints="0" visitedBranchPoints="0" sequenceCoverage="25.00" branchCoverage="0.0" maxCyclomaticComplexity="0" minCyclomaticComplexity="0" maxCrapScore="0" minCrapScore="0" visitedClasses="1" numClasses="1" visitedMethods="1" numMethods="3" />
          <FullName>Tests.DistanceIntegrationTest/MockWebRetriever</FullName>
          <Methods>
            <Method visited="false" cyclomaticComplexity="0" nPathComplexity="0" sequenceCoverage="0.0" branchCoverage="0" crapScore="0" isConstructor="false" isStatic="false" isGetter="false" isSetter="false">
[...]
              <Summary numSequencePoints="3" visitedSequencePoints="3" numBranchPoints="0" visitedBranchPoints="0" sequenceCoverage="100.0" branchCoverage="0" maxCyclomaticComplexity="0" minCyclomaticComplexity="0" maxCrapScore="0" minCrapScore="0" visitedClasses="0" numClasses="0" visitedMethods="1" numMethods="1" />
              <MetadataToken>100663379</MetadataToken>
              <Name>System.Void Timer::AddTime(System.Single)</Name>
              <FileRef uid="28" />
              <SequencePoints>
                <SequencePoint vc="9" uspid="1155" ordinal="0" offset="0" sl="51" sc="5" el="51" ec="5" bec="0" bev="0" fileid="28" />
                <SequencePoint vc="9" uspid="1156" ordinal="0" offset="1" sl="52" sc="9" el="52" ec="9" bec="0" bev="0" fileid="28" />
                <SequencePoint vc="9" uspid="1157" ordinal="0" offset="9" sl="53" sc="5" el="53" ec="5" bec="0" bev="0" fileid="28" />
              </SequencePoints>
              <BranchPoints />
            </Method>
            <Method visited="true" cyclomaticComplexity="0" nPathComplexity="0" sequenceCoverage="100.0" branchCoverage="0" crapScore="0" isConstructor="false" isStatic="false" isGetter="false" isSetter="false">
              <Summary numSequencePoints="6" visitedSequencePoints="6" numBranchPoints="0" visitedBranchPoints="0" sequenceCoverage="100.0" branchCoverage="0" maxCyclomaticComplexity="0" minCyclomaticComplexity="0" maxCrapScore="0" minCrapScore="0" visitedClasses="0" numClasses="0" visitedMethods="1" numMethods="1" />
              <MetadataToken>100663380</MetadataToken>
              <Name>System.Void Timer::changeTimerLabel(System.Single)</Name>
              <FileRef uid="28" />
              <SequencePoints>
                <SequencePoint vc="2169" uspid="1158" ordinal="0" offset="0" sl="55" sc="51" el="55" ec="51" bec="0" bev="0" fileid="28" />
                <SequencePoint vc="2169" uspid="1159" ordinal="0" offset="1" sl="56" sc="9" el="56" ec="9" bec="0" bev="0" fileid="28" />
                <SequencePoint vc="2169" uspid="1160" ordinal="0" offset="14" sl="57" sc="9" el="57" ec="9" bec="0" bev="0" fileid="28" />
                <SequencePoint vc="2169" uspid="1161" ordinal="0" offset="38" sl="58" sc="9" el="58" ec="9" bec="0" bev="0" fileid="28" />
                <SequencePoint vc="2169" uspid="1162" ordinal="0" offset="61" sl="60" sc="9" el="60" ec="9" bec="0" bev="0" fileid="28" />
                <SequencePoint vc="2169" uspid="1163" ordinal="0" offset="74" sl="61" sc="5" el="61" ec="5" bec="0" bev="0" fileid="28" />
              </SequencePoints>
              <BranchPoints />
            </Method>
            <Method visited="true" cyclomaticComplexity="0" nPathComplexity="0" sequenceCoverage="100.0" branchCoverage="0" crapScore="0" isConstructor="false" isStatic="false" isGetter="false" isSetter="false">
              <Summary numSequencePoints="5" visitedSequencePoints="5" numBranchPoints="0" visitedBranchPoints="0" sequenceCoverage="100.0" branchCoverage="0" maxCyclomaticComplexity="0" minCyclomaticComplexity="0" maxCrapScore="0" minCrapScore="0" visitedClasses="0" numClasses="0" visitedMethods="1" numMethods="1" />
              <MetadataToken>100663381</MetadataToken>
              <Name>System.Void Timer::mockDecreaseTime(System.Single)</Name>
              <FileRef uid="28" />
              <SequencePoints>
                <SequencePoint vc="2" uspid="1164" ordinal="0" offset="0" sl="66" sc="54" el="66" ec="54" bec="0" bev="0" fileid="28" />
                <SequencePoint vc="2" uspid="1165" ordinal="0" offset="1" sl="67" sc="9" el="67" ec="9" bec="0" bev="0" fileid="28" />
                <SequencePoint vc="2" uspid="1166" ordinal="0" offset="25" sl="68" sc="9" el="68" ec="9" bec="0" bev="0" fileid="28" />
                <SequencePoint vc="2" uspid="1167" ordinal="0" offset="52" sl="69" sc="9" el="69" ec="9" bec="0" bev="0" fileid="28" />
                <SequencePoint vc="2" uspid="1168" ordinal="0" offset="65" sl="70" sc="5" el="70" ec="5" bec="0" bev="0" fileid="28" />
              </SequencePoints>
              <BranchPoints />
            </Method>
            <Method visited="true" cyclomaticComplexity="0" nPathComplexity="0" sequenceCoverage="100.0" branchCoverage="0" crapScore="0" isConstructor="false" isStatic="false" isGetter="false" isSetter="false">
              <Summary numSequencePoints="6" visitedSequencePoints="6" numBranchPoints="0" visitedBranchPoints="0" sequenceCoverage="100.0" branchCoverage="0" maxCyclomaticComplexity="0" minCyclomaticComplexity="0" maxCrapScore="0" minCrapScore="0" visitedClasses="0" numClasses="0" visitedMethods="1" numMethods="1" />
              <MetadataToken>100663382</MetadataToken>
              <Name>System.Void Timer::ChangeTimeInUI(System.Single)</Name>
              <FileRef uid="28" />
              <SequencePoints>
                <SequencePoint vc="2141" uspid="1169" ordinal="0" offset="0" sl="73" sc="5" el="73" ec="5" bec="0" bev="0" fileid="28" />
                <SequencePoint vc="2141" uspid="1170" ordinal="0" offset="1" sl="74" sc="9" el="74" ec="9" bec="0" bev="0" fileid="28" />
                <SequencePoint vc="2141" uspid="1171" ordinal="0" offset="15" sl="75" sc="9" el="75" ec="9" bec="0" bev="0" fileid="28" />
                <SequencePoint vc="2141" uspid="1172" ordinal="0" offset="44" sl="76" sc="9" el="76" ec="9" bec="0" bev="0" fileid="28" />
                <SequencePoint vc="2141" uspid="1173" ordinal="0" offset="57" sl="77" sc="9" el="77" ec="9" bec="0" bev="0" fileid="28" />
                <SequencePoint vc="2141" uspid="1174" ordinal="0" offset="75" sl="78" sc="5" el="78" ec="5" bec="0" bev="0" fileid="28" />
              </SequencePoints>
              <BranchPoints />
            </Method>
          </Methods>
        </Class>
        <Class>
          <Summary numSequencePoints="22" visitedSequencePoints="8" numBranchPoints="0" visitedBranchPoints="0" sequenceCoverage="36.36" branchCoverage="0.0" maxCyclomaticComplexity="0" minCyclomaticComplexity="0" maxCrapScore="0" minCrapScore="0" visitedClasses="1" numClasses="1" visitedMethods="1" numMethods="5" />
          <FullName>WebRetriever</FullName>
          <Methods>
            <Method visited="false" cyclomaticComplexity="0" nPathComplexity="0" sequenceCoverage="0.0" branchCoverage="0" crapScore="0" isConstructor="false" isStatic="false" isGetter="false" isSetter="false">
              <Summary numSequencePoints="3" visitedSequencePoints="0" numBranchPoints="0" visitedBranchPoints="0" sequenceCoverage="0.0" branchCoverage="0" maxCyclomaticComplexity="0" minCyclomaticComplexity="0" maxCrapScore="0" minCrapScore="0" visitedClasses="0" numClasses="0" visitedMethods="0" numMethods="1" />
              <MetadataToken>100663384</MetadataToken>
              <Name>System.Void WebRetriever::Start()</Name>
              <FileRef uid="29" />
              <SequencePoints>
                <SequencePoint vc="0" uspid="1175" ordinal="0" offset="0" sl="17" sc="0" el="17" ec="0" bec="0" bev="0" fileid="29" />
                <SequencePoint vc="0" uspid="1176" ordinal="0" offset="1" sl="18" sc="0" el="18" ec="0" bec="0" bev="0" fileid="29" />
                <SequencePoint vc="0" uspid="1177" ordinal="0" offset="30" sl="19" sc="0" el="19" ec="0" bec="0" bev="0" fileid="29" />
              </SequencePoints>
              <BranchPoints />
            </Method>
            <Method visited="false" cyclomaticComplexity="0" nPathComplexity="0" sequenceCoverage="0.0" branchCoverage="0" crapScore="0" isConstructor="false" isStatic="false" isGetter="false" isSetter="false">
              <Summary numSequencePoints="3" visitedSequencePoints="0" numBranchPoints="0" visitedBranchPoints="0" sequenceCoverage="0.0" branchCoverage="0" maxCyclomaticComplexity="0" minCyclomaticComplexity="0" maxCrapScore="0" minCrapScore="0" visitedClasses="0" numClasses="0" visitedMethods="0" numMethods="1" />
              <MetadataToken>100663385</MetadataToken>
              <Name>System.Collections.Generic.List[QuestionModel] WebRetriever::GetQuestions()</Name>
              <FileRef uid="29" />
              <SequencePoints>
                <SequencePoint vc="0" uspid="1178" ordinal="0" offset="0" sl="22" sc="0" el="22" ec="0" bec="0" bev="0" fileid="29" />
                <SequencePoint vc="0" uspid="1179" ordinal="0" offset="1" sl="23" sc="0" el="23" ec="0" bec="0" bev="0" fileid="29" />
                <SequencePoint vc="0" uspid="1180" ordinal="0" offset="10" sl="24" sc="0" el="24" ec="0" bec="0" bev="0" fileid="29" />
              </SequencePoints>
              <BranchPoints />
            </Method>
            <Method visited="true" cyclomaticComplexity="0" nPathComplexity="0" sequenceCoverage="72.73" branchCoverage="0" crapScore="0" isConstructor="false" isStatic="false" isGetter="false" isSetter="false">
              <Summary numSequencePoints="11" visitedSequencePoints="8" numBranchPoints="0" visitedBranchPoints="0" sequenceCoverage="72.73" branchCoverage="0" maxCyclomaticComplexity="0" minCyclomaticComplexity="0" maxCrapScore="0" minCrapScore="0" visitedClasses="0" numClasses="0" visitedMethods="1" numMethods="1" />
              <MetadataToken>100663387</MetadataToken>
              <Name>System.Void WebRetriever::PostEndResult(ResultModel, System.Int32)</Name>
              <FileRef uid="29" />
              <SequencePoints>
                <SequencePoint vc="1" uspid="1181" ordinal="0" offset="0" sl="46" sc="5" el="46" ec="5" bec="0" bev="0" fileid="29" />
                <SequencePoint vc="1" uspid="1182" ordinal="0" offset="1" sl="48" sc="9" el="48" ec="9" bec="0" bev="0" fileid="29" />
                <SequencePoint vc="1" uspid="1183" ordinal="0" offset="7" sl="52" sc="9" el="52" ec="9" bec="0" bev="0" fileid="29" />
                <SequencePoint vc="1" uspid="1184" ordinal="0" offset="14" sl="53" sc="10" el="53" ec="10" bec="0" bev="0" fileid="29" />
                <SequencePoint vc="0" uspid="1185" ordinal="0" offset="24" sl="54" sc="9" el="54" ec="9" bec="0" bev="0" fileid="29" />
                <SequencePoint vc="0" uspid="1186" ordinal="0" offset="25" sl="55" sc="13" el="55" ec="13" bec="0" bev="0" fileid="29" />
                <SequencePoint vc="0" uspid="1187" ordinal="0" offset="41" sl="56" sc="9" el="56" ec="9" bec="0" bev="0" fileid="29" />
                <SequencePoint vc="1" uspid="1188" ordinal="0" offset="44" sl="58" sc="9" el="58" ec="9" bec="0" bev="0" fileid="29" />
                <SequencePoint vc="1" uspid="1189" ordinal="0" offset="45" sl="59" sc="13" el="59" ec="13" bec="0" bev="0" fileid="29" />
                <SequencePoint vc="1" uspid="1190" ordinal="0" offset="56" sl="60" sc="9" el="60" ec="9" bec="0" bev="0" fileid="29" />
                <SequencePoint vc="1" uspid="1191" ordinal="0" offset="57" sl="61" sc="5" el="61" ec="5" bec="0" bev="0" fileid="29" />
              </SequencePoints>
              <BranchPoints />
            </Method>
            <Method visited="false" cyclomaticComplexity="0" nPathComplexity="0" sequenceCoverage="0.0" branchCoverage="0" crapScore="0" isConstructor="false" isStatic="false" isGetter="false" isSetter="false">
              <Summary numSequencePoints="3" visitedSequencePoints="0" numBranchPoints="0" visitedBranchPoints="0" sequenceCoverage="0.0" branchCoverage="0" maxCyclomaticComplexity="0" minCyclomaticComplexity="0" maxCrapScore="0" minCrapScore="0" visitedClasses="0" numClasses="0" visitedMethods="0" numMethods="1" />
              <MetadataToken>100663389</MetadataToken>
              <Name>System.String WebRetriever::GetMostRecentPostRequestResult()</Name>
              <FileRef uid="29" />
              <SequencePoints>
                <SequencePoint vc="0" uspid="1192" ordinal="0" offset="0" sl="82" sc="0" el="82" ec="0" bec="0" bev="0" fileid="29" />
                <SequencePoint vc="0" uspid="1193" ordinal="0" offset="1" sl="83" sc="0" el="83" ec="0" bec="0" bev="0" fileid="29" />
                <SequencePoint vc="0" uspid="1194" ordinal="0" offset="10" sl="84" sc="0" el="84" ec="0" bec="0" bev="0" fileid="29" />
              </SequencePoints>
              <BranchPoints />
            </Method>
            <Method visited="false" cyclomaticComplexity="0" nPathComplexity="0" sequenceCoverage="0.0" branchCoverage="0" crapScore="0" isConstructor="true" isStatic="false" isGetter="false" isSetter="false">
              <Summary numSequencePoints="2" visitedSequencePoints="0" numBranchPoints="0" visitedBranchPoints="0" sequenceCoverage="0.0" branchCoverage="0" maxCyclomaticComplexity="0" minCyclomaticComplexity="0" maxCrapScore="0" minCrapScore="0" visitedClasses="0" numClasses="0" visitedMethods="0" numMethods="1" />
              <MetadataToken>100663390</MetadataToken>
              <Name>WebRetriever::WebRetriever()</Name>
              <FileRef uid="29" />
              <SequencePoints>
                <SequencePoint vc="0" uspid="1195" ordinal="0" offset="0" sl="11" sc="5" el="11" ec="5" bec="0" bev="0" fileid="29" />
                <SequencePoint vc="0" uspid="1196" ordinal="0" offset="11" sl="12" sc="5" el="12" ec="5" bec="0" bev="0" fileid="29" />
              </SequencePoints>
              <BranchPoints />
            </Method>
          </Methods>
        </Class>
        <Class>
          <Summary numSequencePoints="15" visitedSequencePoints="0" numBranchPoints="0" visitedBranchPoints="0" sequenceCoverage="0.0" branchCoverage="0.0" maxCyclomaticComplexity="0" minCyclomaticComplexity="0" maxCrapScore="0" minCrapScore="0" visitedClasses="0" numClasses="1" visitedMethods="0" numMethods="1" />
          <FullName>WebRetriever/&lt;GetRequest&gt;d__6</FullName>
          <Methods>
            <Method visited="false" cyclomaticComplexity="0" nPathComplexity="0" sequenceCoverage="0.0" branchCoverage="0" crapScore="0" isConstructor="false" isStatic="false" isGetter="false" isSetter="false">
              <Summary numSequencePoints="15" visitedSequencePoints="0" numBranchPoints="0" visitedBranchPoints="0" sequenceCoverage="0.0" branchCoverage="0" maxCyclomaticComplexity="0" minCyclomaticComplexity="0" maxCrapScore="0" minCrapScore="0" visitedClasses="0" numClasses="0" visitedMethods="0" numMethods="1" />
              <MetadataToken>100663395</MetadataToken>
              <Name>System.Boolean WebRetriever/&lt;GetRequest&gt;d__6::MoveNext()</Name>
              <FileRef uid="29" />
              <SequencePoints>
                <SequencePoint vc="0" uspid="1197" ordinal="0" offset="31" sl="27" sc="0" el="27" ec="0" bec="0" bev="0" fileid="29" />
                <SequencePoint vc="0" uspid="1198" ordinal="0" offset="32" sl="28" sc="0" el="28" ec="0" bec="0" bev="0" fileid="29" />
                <SequencePoint vc="0" uspid="1199" ordinal="0" offset="49" sl="29" sc="0" el="29" ec="0" bec="0" bev="0" fileid="29" />
                <SequencePoint vc="0" uspid="1200" ordinal="0" offset="66" sl="30" sc="0" el="30" ec="0" bec="0" bev="0" fileid="29" />
                <SequencePoint vc="0" uspid="1201" ordinal="0" offset="88" sl="31" sc="0" el="31" ec="0" bec="0" bev="0" fileid="29" />
                <SequencePoint vc="0" uspid="1202" ordinal="0" offset="121" sl="32" sc="0" el="32" ec="0" bec="0" bev="0" fileid="29" />
                <SequencePoint vc="0" uspid="1203" ordinal="0" offset="152" sl="33" sc="0" el="33" ec="0" bec="0" bev="0" fileid="29" />
                <SequencePoint vc="0" uspid="1204" ordinal="0" offset="153" sl="34" sc="0" el="34" ec="0" bec="0" bev="0" fileid="29" />
                <SequencePoint vc="0" uspid="1205" ordinal="0" offset="184" sl="35" sc="0" el="35" ec="0" bec="0" bev="0" fileid="29" />
                <SequencePoint vc="0" uspid="1206" ordinal="0" offset="187" sl="37" sc="0" el="37" ec="0" bec="0" bev="0" fileid="29" />
                <SequencePoint vc="0" uspid="1207" ordinal="0" offset="188" sl="38" sc="0" el="38" ec="0" bec="0" bev="0" fileid="29" />
                <SequencePoint vc="0" uspid="1208" ordinal="0" offset="210" sl="39" sc="0" el="39" ec="0" bec="0" bev="0" fileid="29" />
                <SequencePoint vc="0" uspid="1209" ordinal="0" offset="227" sl="40" sc="0" el="40" ec="0" bec="0" bev="0" fileid="29" />
                <SequencePoint vc="0" uspid="1210" ordinal="0" offset="249" sl="41" sc="0" el="41" ec="0" bec="0" bev="0" fileid="29" />
                <SequencePoint vc="0" uspid="1211" ordinal="0" offset="264" sl="42" sc="0" el="42" ec="0" bec="0" bev="0" fileid="29" />
              </SequencePoints>
              <BranchPoints />
            </Method>
          </Methods>
        </Class>
        <Class>
          <Summary numSequencePoints="14" visitedSequencePoints="0" numBranchPoints="0" visitedBranchPoints="0" sequenceCoverage="0.0" branchCoverage="0.0" maxCyclomaticComplexity="0" minCyclomaticComplexity="0" maxCrapScore="0" minCrapScore="0" visitedClasses="0" numClasses="1" visitedMethods="0" numMethods="1" />
          <FullName>WebRetriever/&lt;PostRequest&gt;d__8</FullName>
          <Methods>
            <Method visited="false" cyclomaticComplexity="0" nPathComplexity="0" sequenceCoverage="0.0" branchCoverage="0" crapScore="0" isConstructor="false" isStatic="false" isGetter="false" isSetter="false">
              <Summary numSequencePoints="14" visitedSequencePoints="0" numBranchPoints="0" visitedBranchPoints="0" sequenceCoverage="0.0" branchCoverage="0" maxCyclomaticComplexity="0" minCyclomaticComplexity="0" maxCrapScore="0" minCrapScore="0" visitedClasses="0" numClasses="0" visitedMethods="0" numMethods="1" />
              <MetadataToken>100663401</MetadataToken>
              <Name>System.Boolean WebRetriever/&lt;PostRequest&gt;d__8::MoveNext()</Name>
              <FileRef uid="29" />
              <SequencePoints>
                <SequencePoint vc="0" uspid="1212" ordinal="0" offset="34" sl="64" sc="0" el="64" ec="0" bec="0" bev="0" fileid="29" />
                <SequencePoint vc="0" uspid="1213" ordinal="0" offset="35" sl="65" sc="0" el="65" ec="0" bec="0" bev="0" fileid="29" />
                <SequencePoint vc="0" uspid="1214" ordinal="0" offset="57" sl="66" sc="0" el="66" ec="0" bec="0" bev="0" fileid="29" />
                <SequencePoint vc="0" uspid="1215" ordinal="0" offset="79" sl="67" sc="0" el="67" ec="0" bec="0" bev="0" fileid="29" />
                <SequencePoint vc="0" uspid="1216" ordinal="0" offset="102" sl="68" sc="0" el="68" ec="0" bec="0" bev="0" fileid="29" />
                <SequencePoint vc="0" uspid="1217" ordinal="0" offset="119" sl="69" sc="0" el="69" ec="0" bec="0" bev="0" fileid="29" />
                <SequencePoint vc="0" uspid="1218" ordinal="0" offset="141" sl="70" sc="0" el="70" ec="0" bec="0" bev="0" fileid="29" />
                <SequencePoint vc="0" uspid="1219" ordinal="0" offset="158" sl="72" sc="0" el="72" ec="0" bec="0" bev="0" fileid="29" />
                <SequencePoint vc="0" uspid="1220" ordinal="0" offset="191" sl="74" sc="0" el="74" ec="0" bec="0" bev="0" fileid="29" />
                <SequencePoint vc="0" uspid="1221" ordinal="0" offset="222" sl="75" sc="0" el="75" ec="0" bec="0" bev="0" fileid="29" />
                <SequencePoint vc="0" uspid="1222" ordinal="0" offset="223" sl="76" sc="0" el="76" ec="0" bec="0" bev="0" fileid="29" />
                <SequencePoint vc="0" uspid="1223" ordinal="0" offset="240" sl="77" sc="0" el="77" ec="0" bec="0" bev="0" fileid="29" />
                <SequencePoint vc="0" uspid="1224" ordinal="0" offset="241" sl="78" sc="0" el="78" ec="0" bec="0" bev="0" fileid="29" />
                <SequencePoint vc="0" uspid="1225" ordinal="0" offset="268" sl="79" sc="0" el="79" ec="0" bec="0" bev="0" fileid="29" />
              </SequencePoints>
              <BranchPoints />
            </Method>
          </Methods>
        </Class>
      </Classes>
    </Module>
  </Modules>
</CoverageSession>